ERROR - 2023-01-24 22:28:45 --> Table 'cursus_academique_db.ts_eleves' doesn't exist
CRITICAL - 2023-01-24 22:28:45 --> Table 'cursus_academique_db.ts_eleves' doesn't exist
#0 C:\laragon\www\webapps\cursus\system\Database\MySQLi\Connection.php(292): mysqli->query('SELECT COUNT(*)...', 0)
#1 C:\laragon\www\webapps\cursus\system\Database\BaseConnection.php(670): CodeIgniter\Database\MySQLi\Connection->execute('SELECT COUNT(*)...')
#2 C:\laragon\www\webapps\cursus\system\Database\BaseConnection.php(598): CodeIgniter\Database\BaseConnection->simpleQuery('SELECT COUNT(*)...')
#3 C:\laragon\www\webapps\cursus\system\Database\BaseBuilder.php(1527): CodeIgniter\Database\BaseConnection->query('SELECT COUNT(*)...', Array, false)
#4 C:\laragon\www\webapps\cursus\app\Models\AppModel.php(135): CodeIgniter\Database\BaseBuilder->countAllResults()
#5 C:\laragon\www\webapps\cursus\app\Controllers\Overview.php(193): App\Models\AppModel->fetch_count_students(Array)
#6 C:\laragon\www\webapps\cursus\app\Controllers\Overview.php(37): App\Controllers\Overview->index()
#7 C:\laragon\www\webapps\cursus\system\CodeIgniter.php(822): App\Controllers\Overview->_remap('page')
#8 C:\laragon\www\webapps\cursus\system\CodeIgniter.php(410): CodeIgniter\CodeIgniter->runController(Object(App\Controllers\Overview))
#9 C:\laragon\www\webapps\cursus\system\CodeIgniter.php(318): CodeIgniter\CodeIgniter->handleRequest(NULL, Object(Config\Cache), false)
#10 C:\laragon\www\webapps\cursus\index.php(37): CodeIgniter\CodeIgniter->run()
#11 {main}
ERROR - 2023-01-24 22:33:21 --> Unknown column 'eleve_statut' in 'where clause'
CRITICAL - 2023-01-24 22:33:21 --> Unknown column 'eleve_statut' in 'where clause'
#0 C:\laragon\www\webapps\cursus\system\Database\MySQLi\Connection.php(292): mysqli->query('SELECT COUNT(*)...', 0)
#1 C:\laragon\www\webapps\cursus\system\Database\BaseConnection.php(670): CodeIgniter\Database\MySQLi\Connection->execute('SELECT COUNT(*)...')
#2 C:\laragon\www\webapps\cursus\system\Database\BaseConnection.php(598): CodeIgniter\Database\BaseConnection->simpleQuery('SELECT COUNT(*)...')
#3 C:\laragon\www\webapps\cursus\system\Database\BaseBuilder.php(1527): CodeIgniter\Database\BaseConnection->query('SELECT COUNT(*)...', Array, false)
#4 C:\laragon\www\webapps\cursus\app\Models\AppModel.php(134): CodeIgniter\Database\BaseBuilder->countAllResults()
#5 C:\laragon\www\webapps\cursus\app\Controllers\Overview.php(193): App\Models\AppModel->fetch_count_students(Array)
#6 C:\laragon\www\webapps\cursus\app\Controllers\Overview.php(37): App\Controllers\Overview->index()
#7 C:\laragon\www\webapps\cursus\system\CodeIgniter.php(822): App\Controllers\Overview->_remap('page')
#8 C:\laragon\www\webapps\cursus\system\CodeIgniter.php(410): CodeIgniter\CodeIgniter->runController(Object(App\Controllers\Overview))
#9 C:\laragon\www\webapps\cursus\system\CodeIgniter.php(318): CodeIgniter\CodeIgniter->handleRequest(NULL, Object(Config\Cache), false)
#10 C:\laragon\www\webapps\cursus\index.php(37): CodeIgniter\CodeIgniter->run()
#11 {main}
ERROR - 2023-01-24 22:34:03 --> Table 'cursus_academique_db.ts_sections' doesn't exist
CRITICAL - 2023-01-24 22:34:03 --> Table 'cursus_academique_db.ts_sections' doesn't exist
#0 C:\laragon\www\webapps\cursus\system\Database\MySQLi\Connection.php(292): mysqli->query('SELECT COUNT(*)...', 0)
#1 C:\laragon\www\webapps\cursus\system\Database\BaseConnection.php(670): CodeIgniter\Database\MySQLi\Connection->execute('SELECT COUNT(*)...')
#2 C:\laragon\www\webapps\cursus\system\Database\BaseConnection.php(598): CodeIgniter\Database\BaseConnection->simpleQuery('SELECT COUNT(*)...')
#3 C:\laragon\www\webapps\cursus\system\Database\BaseBuilder.php(1527): CodeIgniter\Database\BaseConnection->query('SELECT COUNT(*)...', Array, false)
#4 C:\laragon\www\webapps\cursus\app\Models\AppModel.php(114): CodeIgniter\Database\BaseBuilder->countAllResults()
#5 C:\laragon\www\webapps\cursus\app\Controllers\Overview.php(204): App\Models\AppModel->fetch_count('ts_sections', Array)
#6 C:\laragon\www\webapps\cursus\app\Controllers\Overview.php(37): App\Controllers\Overview->index()
#7 C:\laragon\www\webapps\cursus\system\CodeIgniter.php(822): App\Controllers\Overview->_remap('page')
#8 C:\laragon\www\webapps\cursus\system\CodeIgniter.php(410): CodeIgniter\CodeIgniter->runController(Object(App\Controllers\Overview))
#9 C:\laragon\www\webapps\cursus\system\CodeIgniter.php(318): CodeIgniter\CodeIgniter->handleRequest(NULL, Object(Config\Cache), false)
#10 C:\laragon\www\webapps\cursus\index.php(37): CodeIgniter\CodeIgniter->run()
#11 {main}
ERROR - 2023-01-24 22:35:21 --> Table 'cursus_academique_db.ts_classes' doesn't exist
CRITICAL - 2023-01-24 22:35:21 --> Table 'cursus_academique_db.ts_classes' doesn't exist
#0 C:\laragon\www\webapps\cursus\system\Database\MySQLi\Connection.php(292): mysqli->query('SELECT COUNT(*)...', 0)
#1 C:\laragon\www\webapps\cursus\system\Database\BaseConnection.php(670): CodeIgniter\Database\MySQLi\Connection->execute('SELECT COUNT(*)...')
#2 C:\laragon\www\webapps\cursus\system\Database\BaseConnection.php(598): CodeIgniter\Database\BaseConnection->simpleQuery('SELECT COUNT(*)...')
#3 C:\laragon\www\webapps\cursus\system\Database\BaseBuilder.php(1527): CodeIgniter\Database\BaseConnection->query('SELECT COUNT(*)...', Array, false)
#4 C:\laragon\www\webapps\cursus\app\Models\AppModel.php(114): CodeIgniter\Database\BaseBuilder->countAllResults()
#5 C:\laragon\www\webapps\cursus\app\Controllers\Overview.php(205): App\Models\AppModel->fetch_count('ts_classes', Array)
#6 C:\laragon\www\webapps\cursus\app\Controllers\Overview.php(37): App\Controllers\Overview->index()
#7 C:\laragon\www\webapps\cursus\system\CodeIgniter.php(822): App\Controllers\Overview->_remap('page')
#8 C:\laragon\www\webapps\cursus\system\CodeIgniter.php(410): CodeIgniter\CodeIgniter->runController(Object(App\Controllers\Overview))
#9 C:\laragon\www\webapps\cursus\system\CodeIgniter.php(318): CodeIgniter\CodeIgniter->handleRequest(NULL, Object(Config\Cache), false)
#10 C:\laragon\www\webapps\cursus\index.php(37): CodeIgniter\CodeIgniter->run()
#11 {main}
CRITICAL - 2023-01-24 22:43:37 --> Undefined array key "compte_type"
#0 C:\laragon\www\webapps\cursus\app\Controllers\Secure.php(382): CodeIgniter\Debug\Exceptions->errorHandler(2, 'Undefined array...', 'C:\\laragon\\www\\...', 382)
#1 C:\laragon\www\webapps\cursus\app\Controllers\Secure.php(240): App\Controllers\Secure->checkUserActivated('admin')
#2 C:\laragon\www\webapps\cursus\system\CodeIgniter.php(824): App\Controllers\Secure->login()
#3 C:\laragon\www\webapps\cursus\system\CodeIgniter.php(410): CodeIgniter\CodeIgniter->runController(Object(App\Controllers\Secure))
#4 C:\laragon\www\webapps\cursus\system\CodeIgniter.php(318): CodeIgniter\CodeIgniter->handleRequest(NULL, Object(Config\Cache), false)
#5 C:\laragon\www\webapps\cursus\index.php(37): CodeIgniter\CodeIgniter->run()
#6 {main}
ERROR - 2023-01-24 22:50:05 --> Table 'cursus_academique_db.ts_typeseleves' doesn't exist
CRITICAL - 2023-01-24 22:50:05 --> Table 'cursus_academique_db.ts_typeseleves' doesn't exist
#0 C:\laragon\www\webapps\cursus\system\Database\MySQLi\Connection.php(292): mysqli->query('SELECT *\nFROM `...', 0)
#1 C:\laragon\www\webapps\cursus\system\Database\BaseConnection.php(670): CodeIgniter\Database\MySQLi\Connection->execute('SELECT *\nFROM `...')
#2 C:\laragon\www\webapps\cursus\system\Database\BaseConnection.php(598): CodeIgniter\Database\BaseConnection->simpleQuery('SELECT *\nFROM `...')
#3 C:\laragon\www\webapps\cursus\system\Database\BaseBuilder.php(1443): CodeIgniter\Database\BaseConnection->query('SELECT *\nFROM `...', Array, false)
#4 C:\laragon\www\webapps\cursus\app\Models\AppModel.php(170): CodeIgniter\Database\BaseBuilder->get()
#5 C:\laragon\www\webapps\cursus\app\Controllers\Student.php(224): App\Models\AppModel->fetch_all_data('ts_typeseleves', Array, 'typeseleve_crea...')
#6 C:\laragon\www\webapps\cursus\app\Controllers\Student.php(42): App\Controllers\Student->addForm('inscription', NULL, NULL)
#7 C:\laragon\www\webapps\cursus\system\CodeIgniter.php(822): App\Controllers\Student->_remap('addForm', 'inscription')
#8 C:\laragon\www\webapps\cursus\system\CodeIgniter.php(410): CodeIgniter\CodeIgniter->runController(Object(App\Controllers\Student))
#9 C:\laragon\www\webapps\cursus\system\CodeIgniter.php(318): CodeIgniter\CodeIgniter->handleRequest(NULL, Object(Config\Cache), false)
#10 C:\laragon\www\webapps\cursus\index.php(37): CodeIgniter\CodeIgniter->run()
#11 {main}
ERROR - 2023-01-24 22:57:52 --> Table 'cursus_academique_db.ts_parents' doesn't exist
CRITICAL - 2023-01-24 22:57:52 --> Table 'cursus_academique_db.ts_parents' doesn't exist
#0 C:\laragon\www\webapps\cursus\system\Database\MySQLi\Connection.php(292): mysqli->query('SELECT *\nFROM `...', 0)
#1 C:\laragon\www\webapps\cursus\system\Database\BaseConnection.php(670): CodeIgniter\Database\MySQLi\Connection->execute('SELECT *\nFROM `...')
#2 C:\laragon\www\webapps\cursus\system\Database\BaseConnection.php(598): CodeIgniter\Database\BaseConnection->simpleQuery('SELECT *\nFROM `...')
#3 C:\laragon\www\webapps\cursus\system\Database\BaseBuilder.php(1443): CodeIgniter\Database\BaseConnection->query('SELECT *\nFROM `...', Array, false)
#4 C:\laragon\www\webapps\cursus\app\Models\AppModel.php(170): CodeIgniter\Database\BaseBuilder->get()
#5 C:\laragon\www\webapps\cursus\app\Controllers\Student.php(195): App\Models\AppModel->fetch_all_data('ts_parents', Array, 'parent_created_...')
#6 C:\laragon\www\webapps\cursus\app\Controllers\Student.php(42): App\Controllers\Student->details('inscription', '202301241674593...', '202210161665876...')
#7 C:\laragon\www\webapps\cursus\system\CodeIgniter.php(822): App\Controllers\Student->_remap('details', 'inscription', '202301241674593...', '202210161665876...')
#8 C:\laragon\www\webapps\cursus\system\CodeIgniter.php(410): CodeIgniter\CodeIgniter->runController(Object(App\Controllers\Student))
#9 C:\laragon\www\webapps\cursus\system\CodeIgniter.php(318): CodeIgniter\CodeIgniter->handleRequest(NULL, Object(Config\Cache), false)
#10 C:\laragon\www\webapps\cursus\index.php(37): CodeIgniter\CodeIgniter->run()
#11 {main}
CRITICAL - 2023-01-24 23:00:38 --> Undefined array key "section_libelle"
#0 C:\laragon\www\webapps\cursus\app\Views\app\student\inscription\details.php(178): CodeIgniter\Debug\Exceptions->errorHandler(2, 'Undefined array...', 'C:\\laragon\\www\\...', 178)
#1 C:\laragon\www\webapps\cursus\system\View\View.php(214): include('C:\\laragon\\www\\...')
#2 C:\laragon\www\webapps\cursus\system\View\View.php(217): CodeIgniter\View\View->CodeIgniter\View\{closure}()
#3 C:\laragon\www\webapps\cursus\system\Common.php(1097): CodeIgniter\View\View->render('app/student/ins...', Array, true)
#4 C:\laragon\www\webapps\cursus\app\Views\layouts\app.php(533): view('app/student/ins...')
#5 C:\laragon\www\webapps\cursus\system\View\View.php(214): include('C:\\laragon\\www\\...')
#6 C:\laragon\www\webapps\cursus\system\View\View.php(217): CodeIgniter\View\View->CodeIgniter\View\{closure}()
#7 C:\laragon\www\webapps\cursus\system\Common.php(1097): CodeIgniter\View\View->render('layouts/app', Array, true)
#8 C:\laragon\www\webapps\cursus\app\Controllers\Student.php(204): view('layouts/app', Array)
#9 C:\laragon\www\webapps\cursus\app\Controllers\Student.php(42): App\Controllers\Student->details('inscription', '202301241674593...', '202210161665876...')
#10 C:\laragon\www\webapps\cursus\system\CodeIgniter.php(822): App\Controllers\Student->_remap('details', 'inscription', '202301241674593...', '202210161665876...')
#11 C:\laragon\www\webapps\cursus\system\CodeIgniter.php(410): CodeIgniter\CodeIgniter->runController(Object(App\Controllers\Student))
#12 C:\laragon\www\webapps\cursus\system\CodeIgniter.php(318): CodeIgniter\CodeIgniter->handleRequest(NULL, Object(Config\Cache), false)
#13 C:\laragon\www\webapps\cursus\index.php(37): CodeIgniter\CodeIgniter->run()
#14 {main}
CRITICAL - 2023-01-24 23:03:03 --> Undefined array key "section_libelle"
#0 C:\laragon\www\webapps\cursus\app\Views\app\student\inscription\details.php(178): CodeIgniter\Debug\Exceptions->errorHandler(2, 'Undefined array...', 'C:\\laragon\\www\\...', 178)
#1 C:\laragon\www\webapps\cursus\system\View\View.php(214): include('C:\\laragon\\www\\...')
#2 C:\laragon\www\webapps\cursus\system\View\View.php(217): CodeIgniter\View\View->CodeIgniter\View\{closure}()
#3 C:\laragon\www\webapps\cursus\system\Common.php(1097): CodeIgniter\View\View->render('app/student/ins...', Array, true)
#4 C:\laragon\www\webapps\cursus\app\Views\layouts\app.php(533): view('app/student/ins...')
#5 C:\laragon\www\webapps\cursus\system\View\View.php(214): include('C:\\laragon\\www\\...')
#6 C:\laragon\www\webapps\cursus\system\View\View.php(217): CodeIgniter\View\View->CodeIgniter\View\{closure}()
#7 C:\laragon\www\webapps\cursus\system\Common.php(1097): CodeIgniter\View\View->render('layouts/app', Array, true)
#8 C:\laragon\www\webapps\cursus\app\Controllers\Student.php(204): view('layouts/app', Array)
#9 C:\laragon\www\webapps\cursus\app\Controllers\Student.php(42): App\Controllers\Student->details('inscription', '202301241674593...', '202210161665876...')
#10 C:\laragon\www\webapps\cursus\system\CodeIgniter.php(822): App\Controllers\Student->_remap('details', 'inscription', '202301241674593...', '202210161665876...')
#11 C:\laragon\www\webapps\cursus\system\CodeIgniter.php(410): CodeIgniter\CodeIgniter->runController(Object(App\Controllers\Student))
#12 C:\laragon\www\webapps\cursus\system\CodeIgniter.php(318): CodeIgniter\CodeIgniter->handleRequest(NULL, Object(Config\Cache), false)
#13 C:\laragon\www\webapps\cursus\index.php(37): CodeIgniter\CodeIgniter->run()
#14 {main}
CRITICAL - 2023-01-24 23:03:20 --> Undefined array key "parent_nom_tuteur"
#0 C:\laragon\www\webapps\cursus\app\Views\app\student\inscription\details.php(195): CodeIgniter\Debug\Exceptions->errorHandler(2, 'Undefined array...', 'C:\\laragon\\www\\...', 195)
#1 C:\laragon\www\webapps\cursus\system\View\View.php(214): include('C:\\laragon\\www\\...')
#2 C:\laragon\www\webapps\cursus\system\View\View.php(217): CodeIgniter\View\View->CodeIgniter\View\{closure}()
#3 C:\laragon\www\webapps\cursus\system\Common.php(1097): CodeIgniter\View\View->render('app/student/ins...', Array, true)
#4 C:\laragon\www\webapps\cursus\app\Views\layouts\app.php(533): view('app/student/ins...')
#5 C:\laragon\www\webapps\cursus\system\View\View.php(214): include('C:\\laragon\\www\\...')
#6 C:\laragon\www\webapps\cursus\system\View\View.php(217): CodeIgniter\View\View->CodeIgniter\View\{closure}()
#7 C:\laragon\www\webapps\cursus\system\Common.php(1097): CodeIgniter\View\View->render('layouts/app', Array, true)
#8 C:\laragon\www\webapps\cursus\app\Controllers\Student.php(204): view('layouts/app', Array)
#9 C:\laragon\www\webapps\cursus\app\Controllers\Student.php(42): App\Controllers\Student->details('inscription', '202301241674593...', '202210161665876...')
#10 C:\laragon\www\webapps\cursus\system\CodeIgniter.php(822): App\Controllers\Student->_remap('details', 'inscription', '202301241674593...', '202210161665876...')
#11 C:\laragon\www\webapps\cursus\system\CodeIgniter.php(410): CodeIgniter\CodeIgniter->runController(Object(App\Controllers\Student))
#12 C:\laragon\www\webapps\cursus\system\CodeIgniter.php(318): CodeIgniter\CodeIgniter->handleRequest(NULL, Object(Config\Cache), false)
#13 C:\laragon\www\webapps\cursus\index.php(37): CodeIgniter\CodeIgniter->run()
#14 {main}
ERROR - 2023-01-24 23:06:53 --> Table 'cursus_academique_db.ts_parents' doesn't exist
CRITICAL - 2023-01-24 23:06:53 --> Table 'cursus_academique_db.ts_parents' doesn't exist
#0 C:\laragon\www\webapps\cursus\system\Database\MySQLi\Connection.php(292): mysqli->query('SELECT *\nFROM `...', 0)
#1 C:\laragon\www\webapps\cursus\system\Database\BaseConnection.php(670): CodeIgniter\Database\MySQLi\Connection->execute('SELECT *\nFROM `...')
#2 C:\laragon\www\webapps\cursus\system\Database\BaseConnection.php(598): CodeIgniter\Database\BaseConnection->simpleQuery('SELECT *\nFROM `...')
#3 C:\laragon\www\webapps\cursus\system\Database\BaseBuilder.php(1443): CodeIgniter\Database\BaseConnection->query('SELECT *\nFROM `...', Array, false)
#4 C:\laragon\www\webapps\cursus\app\Models\AppModel.php(170): CodeIgniter\Database\BaseBuilder->get()
#5 C:\laragon\www\webapps\cursus\app\Controllers\Student.php(254): App\Models\AppModel->fetch_all_data('ts_parents', Array, 'parent_created_...')
#6 C:\laragon\www\webapps\cursus\app\Controllers\Student.php(42): App\Controllers\Student->editForm('inscription', '202301241674593...', NULL)
#7 C:\laragon\www\webapps\cursus\system\CodeIgniter.php(822): App\Controllers\Student->_remap('editForm', 'inscription', '202301241674593...')
#8 C:\laragon\www\webapps\cursus\system\CodeIgniter.php(410): CodeIgniter\CodeIgniter->runController(Object(App\Controllers\Student))
#9 C:\laragon\www\webapps\cursus\system\CodeIgniter.php(318): CodeIgniter\CodeIgniter->handleRequest(NULL, Object(Config\Cache), false)
#10 C:\laragon\www\webapps\cursus\index.php(37): CodeIgniter\CodeIgniter->run()
#11 {main}
CRITICAL - 2023-01-24 23:43:36 --> Undefined array key "inscription_pourcentage"
#0 C:\laragon\www\webapps\cursus\app\Views\app\student\cursus\details\parcours.php(81): CodeIgniter\Debug\Exceptions->errorHandler(2, 'Undefined array...', 'C:\\laragon\\www\\...', 81)
#1 C:\laragon\www\webapps\cursus\system\View\View.php(214): include('C:\\laragon\\www\\...')
#2 C:\laragon\www\webapps\cursus\system\View\View.php(217): CodeIgniter\View\View->CodeIgniter\View\{closure}()
#3 C:\laragon\www\webapps\cursus\system\Common.php(1097): CodeIgniter\View\View->render('app/student/cur...', Array, true)
#4 C:\laragon\www\webapps\cursus\app\Views\layouts\app.php(533): view('app/student/cur...')
#5 C:\laragon\www\webapps\cursus\system\View\View.php(214): include('C:\\laragon\\www\\...')
#6 C:\laragon\www\webapps\cursus\system\View\View.php(217): CodeIgniter\View\View->CodeIgniter\View\{closure}()
#7 C:\laragon\www\webapps\cursus\system\Common.php(1097): CodeIgniter\View\View->render('layouts/app', Array, true)
#8 C:\laragon\www\webapps\cursus\app\Controllers\Student.php(137): view('layouts/app', Array)
#9 C:\laragon\www\webapps\cursus\app\Controllers\Student.php(42): App\Controllers\Student->cursus('parcours', '202301241674593...', NULL)
#10 C:\laragon\www\webapps\cursus\system\CodeIgniter.php(822): App\Controllers\Student->_remap('cursus', 'parcours', '202301241674593...')
#11 C:\laragon\www\webapps\cursus\system\CodeIgniter.php(410): CodeIgniter\CodeIgniter->runController(Object(App\Controllers\Student))
#12 C:\laragon\www\webapps\cursus\system\CodeIgniter.php(318): CodeIgniter\CodeIgniter->handleRequest(NULL, Object(Config\Cache), false)
#13 C:\laragon\www\webapps\cursus\index.php(37): CodeIgniter\CodeIgniter->run()
#14 {main}
CRITICAL - 2023-01-24 23:48:47 --> Undefined array key "inscription_pourcentage"
#0 C:\laragon\www\webapps\cursus\app\Views\app\student\cursus\details\parcours.php(81): CodeIgniter\Debug\Exceptions->errorHandler(2, 'Undefined array...', 'C:\\laragon\\www\\...', 81)
#1 C:\laragon\www\webapps\cursus\system\View\View.php(214): include('C:\\laragon\\www\\...')
#2 C:\laragon\www\webapps\cursus\system\View\View.php(217): CodeIgniter\View\View->CodeIgniter\View\{closure}()
#3 C:\laragon\www\webapps\cursus\system\Common.php(1097): CodeIgniter\View\View->render('app/student/cur...', Array, true)
#4 C:\laragon\www\webapps\cursus\app\Views\layouts\app.php(533): view('app/student/cur...')
#5 C:\laragon\www\webapps\cursus\system\View\View.php(214): include('C:\\laragon\\www\\...')
#6 C:\laragon\www\webapps\cursus\system\View\View.php(217): CodeIgniter\View\View->CodeIgniter\View\{closure}()
#7 C:\laragon\www\webapps\cursus\system\Common.php(1097): CodeIgniter\View\View->render('layouts/app', Array, true)
#8 C:\laragon\www\webapps\cursus\app\Controllers\Student.php(142): view('layouts/app', Array)
#9 C:\laragon\www\webapps\cursus\app\Controllers\Student.php(42): App\Controllers\Student->cursus('parcours', '202301241674593...', NULL)
#10 C:\laragon\www\webapps\cursus\system\CodeIgniter.php(822): App\Controllers\Student->_remap('cursus', 'parcours', '202301241674593...')
#11 C:\laragon\www\webapps\cursus\system\CodeIgniter.php(410): CodeIgniter\CodeIgniter->runController(Object(App\Controllers\Student))
#12 C:\laragon\www\webapps\cursus\system\CodeIgniter.php(318): CodeIgniter\CodeIgniter->handleRequest(NULL, Object(Config\Cache), false)
#13 C:\laragon\www\webapps\cursus\index.php(37): CodeIgniter\CodeIgniter->run()
#14 {main}
