CRITICAL - 2022-10-18 00:01:36 --> Cannot access offset of type string on string
#0 C:\xampp\htdocs\students\espunilu\system\View\View.php(214): include()
#1 C:\xampp\htdocs\students\espunilu\system\View\View.php(217): CodeIgniter\View\View->CodeIgniter\View\{closure}()
#2 C:\xampp\htdocs\students\espunilu\system\Common.php(1097): CodeIgniter\View\View->render('app/rapports/cu...', Array, true)
#3 C:\xampp\htdocs\students\espunilu\app\Views\layouts\app.php(534): view('app/rapports/cu...')
#4 C:\xampp\htdocs\students\espunilu\system\View\View.php(214): include('C:\\xampp\\htdocs...')
#5 C:\xampp\htdocs\students\espunilu\system\View\View.php(217): CodeIgniter\View\View->CodeIgniter\View\{closure}()
#6 C:\xampp\htdocs\students\espunilu\system\Common.php(1097): CodeIgniter\View\View->render('layouts/app', Array, true)
#7 C:\xampp\htdocs\students\espunilu\app\Controllers\Office.php(96): view('layouts/app', Array)
#8 C:\xampp\htdocs\students\espunilu\system\CodeIgniter.php(824): App\Controllers\Office->deliberation()
#9 C:\xampp\htdocs\students\espunilu\system\CodeIgniter.php(410): CodeIgniter\CodeIgniter->runController(Object(App\Controllers\Office))
#10 C:\xampp\htdocs\students\espunilu\system\CodeIgniter.php(318): CodeIgniter\CodeIgniter->handleRequest(NULL, Object(Config\Cache), false)
#11 C:\xampp\htdocs\students\espunilu\index.php(37): CodeIgniter\CodeIgniter->run()
#12 {main}
CRITICAL - 2022-10-18 00:08:21 --> Uninitialized string offset 2
#0 C:\xampp\htdocs\students\espunilu\app\Views\app\rapports\cursus\deliberation.php(204): CodeIgniter\Debug\Exceptions->errorHandler(2, 'Uninitialized s...', 'C:\\xampp\\htdocs...', 204)
#1 C:\xampp\htdocs\students\espunilu\system\View\View.php(214): include('C:\\xampp\\htdocs...')
#2 C:\xampp\htdocs\students\espunilu\system\View\View.php(217): CodeIgniter\View\View->CodeIgniter\View\{closure}()
#3 C:\xampp\htdocs\students\espunilu\system\Common.php(1097): CodeIgniter\View\View->render('app/rapports/cu...', Array, true)
#4 C:\xampp\htdocs\students\espunilu\app\Views\layouts\app.php(534): view('app/rapports/cu...')
#5 C:\xampp\htdocs\students\espunilu\system\View\View.php(214): include('C:\\xampp\\htdocs...')
#6 C:\xampp\htdocs\students\espunilu\system\View\View.php(217): CodeIgniter\View\View->CodeIgniter\View\{closure}()
#7 C:\xampp\htdocs\students\espunilu\system\Common.php(1097): CodeIgniter\View\View->render('layouts/app', Array, true)
#8 C:\xampp\htdocs\students\espunilu\app\Controllers\Office.php(96): view('layouts/app', Array)
#9 C:\xampp\htdocs\students\espunilu\system\CodeIgniter.php(824): App\Controllers\Office->deliberation()
#10 C:\xampp\htdocs\students\espunilu\system\CodeIgniter.php(410): CodeIgniter\CodeIgniter->runController(Object(App\Controllers\Office))
#11 C:\xampp\htdocs\students\espunilu\system\CodeIgniter.php(318): CodeIgniter\CodeIgniter->handleRequest(NULL, Object(Config\Cache), false)
#12 C:\xampp\htdocs\students\espunilu\index.php(37): CodeIgniter\CodeIgniter->run()
#13 {main}
CRITICAL - 2022-10-18 00:09:22 --> Undefined variable $i
#0 C:\xampp\htdocs\students\espunilu\app\Views\app\rapports\cursus\deliberation.php(201): CodeIgniter\Debug\Exceptions->errorHandler(2, 'Undefined varia...', 'C:\\xampp\\htdocs...', 201)
#1 C:\xampp\htdocs\students\espunilu\system\View\View.php(214): include('C:\\xampp\\htdocs...')
#2 C:\xampp\htdocs\students\espunilu\system\View\View.php(217): CodeIgniter\View\View->CodeIgniter\View\{closure}()
#3 C:\xampp\htdocs\students\espunilu\system\Common.php(1097): CodeIgniter\View\View->render('app/rapports/cu...', Array, true)
#4 C:\xampp\htdocs\students\espunilu\app\Views\layouts\app.php(534): view('app/rapports/cu...')
#5 C:\xampp\htdocs\students\espunilu\system\View\View.php(214): include('C:\\xampp\\htdocs...')
#6 C:\xampp\htdocs\students\espunilu\system\View\View.php(217): CodeIgniter\View\View->CodeIgniter\View\{closure}()
#7 C:\xampp\htdocs\students\espunilu\system\Common.php(1097): CodeIgniter\View\View->render('layouts/app', Array, true)
#8 C:\xampp\htdocs\students\espunilu\app\Controllers\Office.php(96): view('layouts/app', Array)
#9 C:\xampp\htdocs\students\espunilu\system\CodeIgniter.php(824): App\Controllers\Office->deliberation()
#10 C:\xampp\htdocs\students\espunilu\system\CodeIgniter.php(410): CodeIgniter\CodeIgniter->runController(Object(App\Controllers\Office))
#11 C:\xampp\htdocs\students\espunilu\system\CodeIgniter.php(318): CodeIgniter\CodeIgniter->handleRequest(NULL, Object(Config\Cache), false)
#12 C:\xampp\htdocs\students\espunilu\index.php(37): CodeIgniter\CodeIgniter->run()
#13 {main}
CRITICAL - 2022-10-18 00:09:39 --> Undefined variable $i
#0 C:\xampp\htdocs\students\espunilu\app\Views\app\rapports\cursus\deliberation.php(201): CodeIgniter\Debug\Exceptions->errorHandler(2, 'Undefined varia...', 'C:\\xampp\\htdocs...', 201)
#1 C:\xampp\htdocs\students\espunilu\system\View\View.php(214): include('C:\\xampp\\htdocs...')
#2 C:\xampp\htdocs\students\espunilu\system\View\View.php(217): CodeIgniter\View\View->CodeIgniter\View\{closure}()
#3 C:\xampp\htdocs\students\espunilu\system\Common.php(1097): CodeIgniter\View\View->render('app/rapports/cu...', Array, true)
#4 C:\xampp\htdocs\students\espunilu\app\Views\layouts\app.php(534): view('app/rapports/cu...')
#5 C:\xampp\htdocs\students\espunilu\system\View\View.php(214): include('C:\\xampp\\htdocs...')
#6 C:\xampp\htdocs\students\espunilu\system\View\View.php(217): CodeIgniter\View\View->CodeIgniter\View\{closure}()
#7 C:\xampp\htdocs\students\espunilu\system\Common.php(1097): CodeIgniter\View\View->render('layouts/app', Array, true)
#8 C:\xampp\htdocs\students\espunilu\app\Controllers\Office.php(96): view('layouts/app', Array)
#9 C:\xampp\htdocs\students\espunilu\system\CodeIgniter.php(824): App\Controllers\Office->deliberation()
#10 C:\xampp\htdocs\students\espunilu\system\CodeIgniter.php(410): CodeIgniter\CodeIgniter->runController(Object(App\Controllers\Office))
#11 C:\xampp\htdocs\students\espunilu\system\CodeIgniter.php(318): CodeIgniter\CodeIgniter->handleRequest(NULL, Object(Config\Cache), false)
#12 C:\xampp\htdocs\students\espunilu\index.php(37): CodeIgniter\CodeIgniter->run()
#13 {main}
CRITICAL - 2022-10-18 00:31:58 --> Undefined variable $ii
#0 C:\xampp\htdocs\students\espunilu\app\Views\app\rapports\cursus\deliberation.php(221): CodeIgniter\Debug\Exceptions->errorHandler(2, 'Undefined varia...', 'C:\\xampp\\htdocs...', 221)
#1 C:\xampp\htdocs\students\espunilu\system\View\View.php(214): include('C:\\xampp\\htdocs...')
#2 C:\xampp\htdocs\students\espunilu\system\View\View.php(217): CodeIgniter\View\View->CodeIgniter\View\{closure}()
#3 C:\xampp\htdocs\students\espunilu\system\Common.php(1097): CodeIgniter\View\View->render('app/rapports/cu...', Array, true)
#4 C:\xampp\htdocs\students\espunilu\app\Views\layouts\app.php(534): view('app/rapports/cu...')
#5 C:\xampp\htdocs\students\espunilu\system\View\View.php(214): include('C:\\xampp\\htdocs...')
#6 C:\xampp\htdocs\students\espunilu\system\View\View.php(217): CodeIgniter\View\View->CodeIgniter\View\{closure}()
#7 C:\xampp\htdocs\students\espunilu\system\Common.php(1097): CodeIgniter\View\View->render('layouts/app', Array, true)
#8 C:\xampp\htdocs\students\espunilu\app\Controllers\Office.php(93): view('layouts/app', Array)
#9 C:\xampp\htdocs\students\espunilu\system\CodeIgniter.php(824): App\Controllers\Office->deliberation()
#10 C:\xampp\htdocs\students\espunilu\system\CodeIgniter.php(410): CodeIgniter\CodeIgniter->runController(Object(App\Controllers\Office))
#11 C:\xampp\htdocs\students\espunilu\system\CodeIgniter.php(318): CodeIgniter\CodeIgniter->handleRequest(NULL, Object(Config\Cache), false)
#12 C:\xampp\htdocs\students\espunilu\index.php(37): CodeIgniter\CodeIgniter->run()
#13 {main}
CRITICAL - 2022-10-18 00:32:55 --> Trying to access array offset on value of type int
#0 C:\xampp\htdocs\students\espunilu\app\Views\app\rapports\cursus\deliberation.php(215): CodeIgniter\Debug\Exceptions->errorHandler(2, 'Trying to acces...', 'C:\\xampp\\htdocs...', 215)
#1 C:\xampp\htdocs\students\espunilu\system\View\View.php(214): include('C:\\xampp\\htdocs...')
#2 C:\xampp\htdocs\students\espunilu\system\View\View.php(217): CodeIgniter\View\View->CodeIgniter\View\{closure}()
#3 C:\xampp\htdocs\students\espunilu\system\Common.php(1097): CodeIgniter\View\View->render('app/rapports/cu...', Array, true)
#4 C:\xampp\htdocs\students\espunilu\app\Views\layouts\app.php(534): view('app/rapports/cu...')
#5 C:\xampp\htdocs\students\espunilu\system\View\View.php(214): include('C:\\xampp\\htdocs...')
#6 C:\xampp\htdocs\students\espunilu\system\View\View.php(217): CodeIgniter\View\View->CodeIgniter\View\{closure}()
#7 C:\xampp\htdocs\students\espunilu\system\Common.php(1097): CodeIgniter\View\View->render('layouts/app', Array, true)
#8 C:\xampp\htdocs\students\espunilu\app\Controllers\Office.php(93): view('layouts/app', Array)
#9 C:\xampp\htdocs\students\espunilu\system\CodeIgniter.php(824): App\Controllers\Office->deliberation()
#10 C:\xampp\htdocs\students\espunilu\system\CodeIgniter.php(410): CodeIgniter\CodeIgniter->runController(Object(App\Controllers\Office))
#11 C:\xampp\htdocs\students\espunilu\system\CodeIgniter.php(318): CodeIgniter\CodeIgniter->handleRequest(NULL, Object(Config\Cache), false)
#12 C:\xampp\htdocs\students\espunilu\index.php(37): CodeIgniter\CodeIgniter->run()
#13 {main}
CRITICAL - 2022-10-18 00:54:12 --> Undefined array key "matiere_uid"
#0 C:\xampp\htdocs\students\espunilu\app\Views\app\rapports\cursus\deliberation.php(201): CodeIgniter\Debug\Exceptions->errorHandler(2, 'Undefined array...', 'C:\\xampp\\htdocs...', 201)
#1 C:\xampp\htdocs\students\espunilu\system\View\View.php(214): include('C:\\xampp\\htdocs...')
#2 C:\xampp\htdocs\students\espunilu\system\View\View.php(217): CodeIgniter\View\View->CodeIgniter\View\{closure}()
#3 C:\xampp\htdocs\students\espunilu\system\Common.php(1097): CodeIgniter\View\View->render('app/rapports/cu...', Array, true)
#4 C:\xampp\htdocs\students\espunilu\app\Views\layouts\app.php(534): view('app/rapports/cu...')
#5 C:\xampp\htdocs\students\espunilu\system\View\View.php(214): include('C:\\xampp\\htdocs...')
#6 C:\xampp\htdocs\students\espunilu\system\View\View.php(217): CodeIgniter\View\View->CodeIgniter\View\{closure}()
#7 C:\xampp\htdocs\students\espunilu\system\Common.php(1097): CodeIgniter\View\View->render('layouts/app', Array, true)
#8 C:\xampp\htdocs\students\espunilu\app\Controllers\Office.php(96): view('layouts/app', Array)
#9 C:\xampp\htdocs\students\espunilu\system\CodeIgniter.php(824): App\Controllers\Office->deliberation()
#10 C:\xampp\htdocs\students\espunilu\system\CodeIgniter.php(410): CodeIgniter\CodeIgniter->runController(Object(App\Controllers\Office))
#11 C:\xampp\htdocs\students\espunilu\system\CodeIgniter.php(318): CodeIgniter\CodeIgniter->handleRequest(NULL, Object(Config\Cache), false)
#12 C:\xampp\htdocs\students\espunilu\index.php(37): CodeIgniter\CodeIgniter->run()
#13 {main}
CRITICAL - 2022-10-18 00:55:49 --> Undefined array key "matiere_uid"
#0 C:\xampp\htdocs\students\espunilu\app\Views\app\rapports\cursus\deliberation.php(202): CodeIgniter\Debug\Exceptions->errorHandler(2, 'Undefined array...', 'C:\\xampp\\htdocs...', 202)
#1 C:\xampp\htdocs\students\espunilu\system\View\View.php(214): include('C:\\xampp\\htdocs...')
#2 C:\xampp\htdocs\students\espunilu\system\View\View.php(217): CodeIgniter\View\View->CodeIgniter\View\{closure}()
#3 C:\xampp\htdocs\students\espunilu\system\Common.php(1097): CodeIgniter\View\View->render('app/rapports/cu...', Array, true)
#4 C:\xampp\htdocs\students\espunilu\app\Views\layouts\app.php(534): view('app/rapports/cu...')
#5 C:\xampp\htdocs\students\espunilu\system\View\View.php(214): include('C:\\xampp\\htdocs...')
#6 C:\xampp\htdocs\students\espunilu\system\View\View.php(217): CodeIgniter\View\View->CodeIgniter\View\{closure}()
#7 C:\xampp\htdocs\students\espunilu\system\Common.php(1097): CodeIgniter\View\View->render('layouts/app', Array, true)
#8 C:\xampp\htdocs\students\espunilu\app\Controllers\Office.php(96): view('layouts/app', Array)
#9 C:\xampp\htdocs\students\espunilu\system\CodeIgniter.php(824): App\Controllers\Office->deliberation()
#10 C:\xampp\htdocs\students\espunilu\system\CodeIgniter.php(410): CodeIgniter\CodeIgniter->runController(Object(App\Controllers\Office))
#11 C:\xampp\htdocs\students\espunilu\system\CodeIgniter.php(318): CodeIgniter\CodeIgniter->handleRequest(NULL, Object(Config\Cache), false)
#12 C:\xampp\htdocs\students\espunilu\index.php(37): CodeIgniter\CodeIgniter->run()
#13 {main}
CRITICAL - 2022-10-18 00:56:33 --> Call to undefined function var_dum()
#0 C:\xampp\htdocs\students\espunilu\system\View\View.php(214): include()
#1 C:\xampp\htdocs\students\espunilu\system\View\View.php(217): CodeIgniter\View\View->CodeIgniter\View\{closure}()
#2 C:\xampp\htdocs\students\espunilu\system\Common.php(1097): CodeIgniter\View\View->render('app/rapports/cu...', Array, true)
#3 C:\xampp\htdocs\students\espunilu\app\Views\layouts\app.php(534): view('app/rapports/cu...')
#4 C:\xampp\htdocs\students\espunilu\system\View\View.php(214): include('C:\\xampp\\htdocs...')
#5 C:\xampp\htdocs\students\espunilu\system\View\View.php(217): CodeIgniter\View\View->CodeIgniter\View\{closure}()
#6 C:\xampp\htdocs\students\espunilu\system\Common.php(1097): CodeIgniter\View\View->render('layouts/app', Array, true)
#7 C:\xampp\htdocs\students\espunilu\app\Controllers\Office.php(96): view('layouts/app', Array)
#8 C:\xampp\htdocs\students\espunilu\system\CodeIgniter.php(824): App\Controllers\Office->deliberation()
#9 C:\xampp\htdocs\students\espunilu\system\CodeIgniter.php(410): CodeIgniter\CodeIgniter->runController(Object(App\Controllers\Office))
#10 C:\xampp\htdocs\students\espunilu\system\CodeIgniter.php(318): CodeIgniter\CodeIgniter->handleRequest(NULL, Object(Config\Cache), false)
#11 C:\xampp\htdocs\students\espunilu\index.php(37): CodeIgniter\CodeIgniter->run()
#12 {main}
CRITICAL - 2022-10-18 00:58:22 --> Allowed memory size of 536870912 bytes exhausted (tried to allocate 266354688 bytes)
#0 [internal function]: CodeIgniter\Debug\Exceptions->shutdownHandler()
#1 {main}
CRITICAL - 2022-10-18 00:58:47 --> Allowed memory size of 536870912 bytes exhausted (tried to allocate 266354688 bytes)
#0 [internal function]: CodeIgniter\Debug\Exceptions->shutdownHandler()
#1 {main}
CRITICAL - 2022-10-18 00:59:59 --> Allowed memory size of 536870912 bytes exhausted (tried to allocate 266354688 bytes)
#0 [internal function]: CodeIgniter\Debug\Exceptions->shutdownHandler()
#1 {main}
CRITICAL - 2022-10-18 01:18:11 --> CodeIgniter\Database\BaseBuilder::limit(): Argument #1 ($value) must be of type ?int, string given, called in C:\xampp\htdocs\students\espunilu\app\Models\AppModel.php on line 167
#0 C:\xampp\htdocs\students\espunilu\app\Models\AppModel.php(167): CodeIgniter\Database\BaseBuilder->limit('ASC', NULL)
#1 C:\xampp\htdocs\students\espunilu\app\Controllers\Office.php(85): App\Models\AppModel->fetch_all_data('vs_cotes_eleves', Array, 'branche_libelle', 'ASC')
#2 C:\xampp\htdocs\students\espunilu\system\CodeIgniter.php(824): App\Controllers\Office->deliberation()
#3 C:\xampp\htdocs\students\espunilu\system\CodeIgniter.php(410): CodeIgniter\CodeIgniter->runController(Object(App\Controllers\Office))
#4 C:\xampp\htdocs\students\espunilu\system\CodeIgniter.php(318): CodeIgniter\CodeIgniter->handleRequest(NULL, Object(Config\Cache), false)
#5 C:\xampp\htdocs\students\espunilu\index.php(37): CodeIgniter\CodeIgniter->run()
#6 {main}
CRITICAL - 2022-10-18 01:50:05 --> Undefined variable $classe_filtre_eleves
#0 C:\xampp\htdocs\students\espunilu\app\Controllers\Cours.php(78): CodeIgniter\Debug\Exceptions->errorHandler(2, 'Undefined varia...', 'C:\\xampp\\htdocs...', 78)
#1 C:\xampp\htdocs\students\espunilu\app\Controllers\Cours.php(49): App\Controllers\Cours->view('cotes', NULL, NULL)
#2 C:\xampp\htdocs\students\espunilu\system\CodeIgniter.php(822): App\Controllers\Cours->_remap('view', 'cotes')
#3 C:\xampp\htdocs\students\espunilu\system\CodeIgniter.php(410): CodeIgniter\CodeIgniter->runController(Object(App\Controllers\Cours))
#4 C:\xampp\htdocs\students\espunilu\system\CodeIgniter.php(318): CodeIgniter\CodeIgniter->handleRequest(NULL, Object(Config\Cache), false)
#5 C:\xampp\htdocs\students\espunilu\index.php(37): CodeIgniter\CodeIgniter->run()
#6 {main}
CRITICAL - 2022-10-18 01:57:25 --> Undefined variable $annee
#0 C:\xampp\htdocs\students\espunilu\app\Controllers\Cours.php(173): CodeIgniter\Debug\Exceptions->errorHandler(2, 'Undefined varia...', 'C:\\xampp\\htdocs...', 173)
#1 C:\xampp\htdocs\students\espunilu\app\Controllers\Cours.php(49): App\Controllers\Cours->addForm('cote', NULL, NULL)
#2 C:\xampp\htdocs\students\espunilu\system\CodeIgniter.php(822): App\Controllers\Cours->_remap('addForm', 'cote')
#3 C:\xampp\htdocs\students\espunilu\system\CodeIgniter.php(410): CodeIgniter\CodeIgniter->runController(Object(App\Controllers\Cours))
#4 C:\xampp\htdocs\students\espunilu\system\CodeIgniter.php(318): CodeIgniter\CodeIgniter->handleRequest(NULL, Object(Config\Cache), false)
#5 C:\xampp\htdocs\students\espunilu\index.php(37): CodeIgniter\CodeIgniter->run()
#6 {main}
CRITICAL - 2022-10-18 02:00:18 --> Undefined array key "periode_libelle"
#0 C:\xampp\htdocs\students\espunilu\app\Views\app\cours\create\cote.php(279): CodeIgniter\Debug\Exceptions->errorHandler(2, 'Undefined array...', 'C:\\xampp\\htdocs...', 279)
#1 C:\xampp\htdocs\students\espunilu\system\View\View.php(214): include('C:\\xampp\\htdocs...')
#2 C:\xampp\htdocs\students\espunilu\system\View\View.php(217): CodeIgniter\View\View->CodeIgniter\View\{closure}()
#3 C:\xampp\htdocs\students\espunilu\system\Common.php(1097): CodeIgniter\View\View->render('app/cours/creat...', Array, true)
#4 C:\xampp\htdocs\students\espunilu\app\Views\layouts\app.php(541): view('app/cours/creat...')
#5 C:\xampp\htdocs\students\espunilu\system\View\View.php(214): include('C:\\xampp\\htdocs...')
#6 C:\xampp\htdocs\students\espunilu\system\View\View.php(217): CodeIgniter\View\View->CodeIgniter\View\{closure}()
#7 C:\xampp\htdocs\students\espunilu\system\Common.php(1097): CodeIgniter\View\View->render('layouts/app', Array, true)
#8 C:\xampp\htdocs\students\espunilu\app\Controllers\Cours.php(188): view('layouts/app', Array)
#9 C:\xampp\htdocs\students\espunilu\app\Controllers\Cours.php(49): App\Controllers\Cours->addForm('cote', NULL, NULL)
#10 C:\xampp\htdocs\students\espunilu\system\CodeIgniter.php(822): App\Controllers\Cours->_remap('addForm', 'cote')
#11 C:\xampp\htdocs\students\espunilu\system\CodeIgniter.php(410): CodeIgniter\CodeIgniter->runController(Object(App\Controllers\Cours))
#12 C:\xampp\htdocs\students\espunilu\system\CodeIgniter.php(318): CodeIgniter\CodeIgniter->handleRequest(NULL, Object(Config\Cache), false)
#13 C:\xampp\htdocs\students\espunilu\index.php(37): CodeIgniter\CodeIgniter->run()
#14 {main}
