CRITICAL - 2022-10-15 15:49:16 --> Undefined variable $tuteur_uid_old
#0 C:\xampp\htdocs\students\espunilu\app\Controllers\Student.php(525): CodeIgniter\Debug\Exceptions->errorHandler(2, 'Undefined varia...', 'C:\\xampp\\htdocs...', 525)
#1 C:\xampp\htdocs\students\espunilu\app\Controllers\Student.php(42): App\Controllers\Student->saveIncription('create', NULL, NULL)
#2 C:\xampp\htdocs\students\espunilu\system\CodeIgniter.php(822): App\Controllers\Student->_remap('saveIncription', 'create')
#3 C:\xampp\htdocs\students\espunilu\system\CodeIgniter.php(410): CodeIgniter\CodeIgniter->runController(Object(App\Controllers\Student))
#4 C:\xampp\htdocs\students\espunilu\system\CodeIgniter.php(318): CodeIgniter\CodeIgniter->handleRequest(NULL, Object(Config\Cache), false)
#5 C:\xampp\htdocs\students\espunilu\index.php(37): CodeIgniter\CodeIgniter->run()
#6 {main}
CRITICAL - 2022-10-15 15:49:43 --> Invalid file: app/eleve/inscription/listing.php
#0 C:\xampp\htdocs\students\espunilu\system\View\View.php(198): CodeIgniter\Exceptions\FrameworkException::forInvalidFile('app/eleve/inscr...')
#1 C:\xampp\htdocs\students\espunilu\system\Common.php(1097): CodeIgniter\View\View->render('app/eleve/inscr...', Array, true)
#2 C:\xampp\htdocs\students\espunilu\app\Views\layouts\app.php(519): view('app/eleve/inscr...')
#3 C:\xampp\htdocs\students\espunilu\system\View\View.php(214): include('C:\\xampp\\htdocs...')
#4 C:\xampp\htdocs\students\espunilu\system\View\View.php(217): CodeIgniter\View\View->CodeIgniter\View\{closure}()
#5 C:\xampp\htdocs\students\espunilu\system\Common.php(1097): CodeIgniter\View\View->render('layouts/app', Array, true)
#6 C:\xampp\htdocs\students\espunilu\app\Controllers\Student.php(95): view('layouts/app', Array)
#7 C:\xampp\htdocs\students\espunilu\app\Controllers\Student.php(42): App\Controllers\Student->dossier('inscription', NULL, NULL)
#8 C:\xampp\htdocs\students\espunilu\system\CodeIgniter.php(822): App\Controllers\Student->_remap('dossier', 'inscription')
#9 C:\xampp\htdocs\students\espunilu\system\CodeIgniter.php(410): CodeIgniter\CodeIgniter->runController(Object(App\Controllers\Student))
#10 C:\xampp\htdocs\students\espunilu\system\CodeIgniter.php(318): CodeIgniter\CodeIgniter->handleRequest(NULL, Object(Config\Cache), false)
#11 C:\xampp\htdocs\students\espunilu\index.php(37): CodeIgniter\CodeIgniter->run()
#12 {main}
CRITICAL - 2022-10-15 15:50:20 --> Invalid file: app/eleve/inscription/listing.php
#0 C:\xampp\htdocs\students\espunilu\system\View\View.php(198): CodeIgniter\Exceptions\FrameworkException::forInvalidFile('app/eleve/inscr...')
#1 C:\xampp\htdocs\students\espunilu\system\Common.php(1097): CodeIgniter\View\View->render('app/eleve/inscr...', Array, true)
#2 C:\xampp\htdocs\students\espunilu\app\Views\layouts\app.php(519): view('app/eleve/inscr...')
#3 C:\xampp\htdocs\students\espunilu\system\View\View.php(214): include('C:\\xampp\\htdocs...')
#4 C:\xampp\htdocs\students\espunilu\system\View\View.php(217): CodeIgniter\View\View->CodeIgniter\View\{closure}()
#5 C:\xampp\htdocs\students\espunilu\system\Common.php(1097): CodeIgniter\View\View->render('layouts/app', Array, true)
#6 C:\xampp\htdocs\students\espunilu\app\Controllers\Student.php(95): view('layouts/app', Array)
#7 C:\xampp\htdocs\students\espunilu\app\Controllers\Student.php(42): App\Controllers\Student->dossier('inscription', NULL, NULL)
#8 C:\xampp\htdocs\students\espunilu\system\CodeIgniter.php(822): App\Controllers\Student->_remap('dossier', 'inscription')
#9 C:\xampp\htdocs\students\espunilu\system\CodeIgniter.php(410): CodeIgniter\CodeIgniter->runController(Object(App\Controllers\Student))
#10 C:\xampp\htdocs\students\espunilu\system\CodeIgniter.php(318): CodeIgniter\CodeIgniter->handleRequest(NULL, Object(Config\Cache), false)
#11 C:\xampp\htdocs\students\espunilu\index.php(37): CodeIgniter\CodeIgniter->run()
#12 {main}
CRITICAL - 2022-10-15 15:50:44 --> Undefined array key "cycle_libelle"
#0 C:\xampp\htdocs\students\espunilu\app\Views\app\student\inscription\listing.php(100): CodeIgniter\Debug\Exceptions->errorHandler(2, 'Undefined array...', 'C:\\xampp\\htdocs...', 100)
#1 C:\xampp\htdocs\students\espunilu\system\View\View.php(214): include('C:\\xampp\\htdocs...')
#2 C:\xampp\htdocs\students\espunilu\system\View\View.php(217): CodeIgniter\View\View->CodeIgniter\View\{closure}()
#3 C:\xampp\htdocs\students\espunilu\system\Common.php(1097): CodeIgniter\View\View->render('app/student/ins...', Array, true)
#4 C:\xampp\htdocs\students\espunilu\app\Views\layouts\app.php(519): view('app/student/ins...')
#5 C:\xampp\htdocs\students\espunilu\system\View\View.php(214): include('C:\\xampp\\htdocs...')
#6 C:\xampp\htdocs\students\espunilu\system\View\View.php(217): CodeIgniter\View\View->CodeIgniter\View\{closure}()
#7 C:\xampp\htdocs\students\espunilu\system\Common.php(1097): CodeIgniter\View\View->render('layouts/app', Array, true)
#8 C:\xampp\htdocs\students\espunilu\app\Controllers\Student.php(95): view('layouts/app', Array)
#9 C:\xampp\htdocs\students\espunilu\app\Controllers\Student.php(42): App\Controllers\Student->dossier('inscription', NULL, NULL)
#10 C:\xampp\htdocs\students\espunilu\system\CodeIgniter.php(822): App\Controllers\Student->_remap('dossier', 'inscription')
#11 C:\xampp\htdocs\students\espunilu\system\CodeIgniter.php(410): CodeIgniter\CodeIgniter->runController(Object(App\Controllers\Student))
#12 C:\xampp\htdocs\students\espunilu\system\CodeIgniter.php(318): CodeIgniter\CodeIgniter->handleRequest(NULL, Object(Config\Cache), false)
#13 C:\xampp\htdocs\students\espunilu\index.php(37): CodeIgniter\CodeIgniter->run()
#14 {main}
ERROR - 2022-10-15 15:52:48 --> Table 'deliberation.ts_parents' doesn't exist
CRITICAL - 2022-10-15 15:52:48 --> Table 'deliberation.ts_parents' doesn't exist
#0 C:\xampp\htdocs\students\espunilu\system\Database\MySQLi\Connection.php(292): mysqli->query('SELECT COUNT(*)...', 0)
#1 C:\xampp\htdocs\students\espunilu\system\Database\BaseConnection.php(670): CodeIgniter\Database\MySQLi\Connection->execute('SELECT COUNT(*)...')
#2 C:\xampp\htdocs\students\espunilu\system\Database\BaseConnection.php(598): CodeIgniter\Database\BaseConnection->simpleQuery('SELECT COUNT(*)...')
#3 C:\xampp\htdocs\students\espunilu\system\Database\BaseBuilder.php(1527): CodeIgniter\Database\BaseConnection->query('SELECT COUNT(*)...', Array, false)
#4 C:\xampp\htdocs\students\espunilu\app\Models\AppModel.php(114): CodeIgniter\Database\BaseBuilder->countAllResults()
#5 C:\xampp\htdocs\students\espunilu\app\Controllers\Overview.php(188): App\Models\AppModel->fetch_count('ts_parents', Array)
#6 C:\xampp\htdocs\students\espunilu\app\Controllers\Overview.php(37): App\Controllers\Overview->index()
#7 C:\xampp\htdocs\students\espunilu\system\CodeIgniter.php(822): App\Controllers\Overview->_remap('page')
#8 C:\xampp\htdocs\students\espunilu\system\CodeIgniter.php(410): CodeIgniter\CodeIgniter->runController(Object(App\Controllers\Overview))
#9 C:\xampp\htdocs\students\espunilu\system\CodeIgniter.php(318): CodeIgniter\CodeIgniter->handleRequest(NULL, Object(Config\Cache), false)
#10 C:\xampp\htdocs\students\espunilu\index.php(37): CodeIgniter\CodeIgniter->run()
#11 {main}
CRITICAL - 2022-10-15 15:53:09 --> Undefined variable $annee
#0 C:\xampp\htdocs\students\espunilu\app\Controllers\Overview.php(189): CodeIgniter\Debug\Exceptions->errorHandler(2, 'Undefined varia...', 'C:\\xampp\\htdocs...', 189)
#1 C:\xampp\htdocs\students\espunilu\app\Controllers\Overview.php(37): App\Controllers\Overview->index()
#2 C:\xampp\htdocs\students\espunilu\system\CodeIgniter.php(822): App\Controllers\Overview->_remap('page')
#3 C:\xampp\htdocs\students\espunilu\system\CodeIgniter.php(410): CodeIgniter\CodeIgniter->runController(Object(App\Controllers\Overview))
#4 C:\xampp\htdocs\students\espunilu\system\CodeIgniter.php(318): CodeIgniter\CodeIgniter->handleRequest(NULL, Object(Config\Cache), false)
#5 C:\xampp\htdocs\students\espunilu\index.php(37): CodeIgniter\CodeIgniter->run()
#6 {main}
CRITICAL - 2022-10-15 16:29:42 --> Invalid file: app/eleve/cursus/parcours.php
#0 C:\xampp\htdocs\students\espunilu\system\View\View.php(198): CodeIgniter\Exceptions\FrameworkException::forInvalidFile('app/eleve/cursu...')
#1 C:\xampp\htdocs\students\espunilu\system\Common.php(1097): CodeIgniter\View\View->render('app/eleve/cursu...', Array, true)
#2 C:\xampp\htdocs\students\espunilu\app\Views\layouts\app.php(519): view('app/eleve/cursu...')
#3 C:\xampp\htdocs\students\espunilu\system\View\View.php(214): include('C:\\xampp\\htdocs...')
#4 C:\xampp\htdocs\students\espunilu\system\View\View.php(217): CodeIgniter\View\View->CodeIgniter\View\{closure}()
#5 C:\xampp\htdocs\students\espunilu\system\Common.php(1097): CodeIgniter\View\View->render('layouts/app', Array, true)
#6 C:\xampp\htdocs\students\espunilu\app\Controllers\Student.php(137): view('layouts/app', Array)
#7 C:\xampp\htdocs\students\espunilu\app\Controllers\Student.php(42): App\Controllers\Student->cursus('parcours', NULL, NULL)
#8 C:\xampp\htdocs\students\espunilu\system\CodeIgniter.php(822): App\Controllers\Student->_remap('cursus', 'parcours')
#9 C:\xampp\htdocs\students\espunilu\system\CodeIgniter.php(410): CodeIgniter\CodeIgniter->runController(Object(App\Controllers\Student))
#10 C:\xampp\htdocs\students\espunilu\system\CodeIgniter.php(318): CodeIgniter\CodeIgniter->handleRequest(NULL, Object(Config\Cache), false)
#11 C:\xampp\htdocs\students\espunilu\index.php(37): CodeIgniter\CodeIgniter->run()
#12 {main}
CRITICAL - 2022-10-15 16:31:06 --> Invalid file: app/eleve/cursus/parcours.php
#0 C:\xampp\htdocs\students\espunilu\system\View\View.php(198): CodeIgniter\Exceptions\FrameworkException::forInvalidFile('app/eleve/cursu...')
#1 C:\xampp\htdocs\students\espunilu\system\Common.php(1097): CodeIgniter\View\View->render('app/eleve/cursu...', Array, true)
#2 C:\xampp\htdocs\students\espunilu\app\Views\layouts\app.php(519): view('app/eleve/cursu...')
#3 C:\xampp\htdocs\students\espunilu\system\View\View.php(214): include('C:\\xampp\\htdocs...')
#4 C:\xampp\htdocs\students\espunilu\system\View\View.php(217): CodeIgniter\View\View->CodeIgniter\View\{closure}()
#5 C:\xampp\htdocs\students\espunilu\system\Common.php(1097): CodeIgniter\View\View->render('layouts/app', Array, true)
#6 C:\xampp\htdocs\students\espunilu\app\Controllers\Student.php(137): view('layouts/app', Array)
#7 C:\xampp\htdocs\students\espunilu\app\Controllers\Student.php(42): App\Controllers\Student->cursus('parcours', NULL, NULL)
#8 C:\xampp\htdocs\students\espunilu\system\CodeIgniter.php(822): App\Controllers\Student->_remap('cursus', 'parcours')
#9 C:\xampp\htdocs\students\espunilu\system\CodeIgniter.php(410): CodeIgniter\CodeIgniter->runController(Object(App\Controllers\Student))
#10 C:\xampp\htdocs\students\espunilu\system\CodeIgniter.php(318): CodeIgniter\CodeIgniter->handleRequest(NULL, Object(Config\Cache), false)
#11 C:\xampp\htdocs\students\espunilu\index.php(37): CodeIgniter\CodeIgniter->run()
#12 {main}
CRITICAL - 2022-10-15 16:32:00 --> Invalid file: app/eleve/cursus/parcours.php
#0 C:\xampp\htdocs\students\espunilu\system\View\View.php(198): CodeIgniter\Exceptions\FrameworkException::forInvalidFile('app/eleve/cursu...')
#1 C:\xampp\htdocs\students\espunilu\system\Common.php(1097): CodeIgniter\View\View->render('app/eleve/cursu...', Array, true)
#2 C:\xampp\htdocs\students\espunilu\app\Views\layouts\app.php(519): view('app/eleve/cursu...')
#3 C:\xampp\htdocs\students\espunilu\system\View\View.php(214): include('C:\\xampp\\htdocs...')
#4 C:\xampp\htdocs\students\espunilu\system\View\View.php(217): CodeIgniter\View\View->CodeIgniter\View\{closure}()
#5 C:\xampp\htdocs\students\espunilu\system\Common.php(1097): CodeIgniter\View\View->render('layouts/app', Array, true)
#6 C:\xampp\htdocs\students\espunilu\app\Controllers\Student.php(137): view('layouts/app', Array)
#7 C:\xampp\htdocs\students\espunilu\app\Controllers\Student.php(42): App\Controllers\Student->cursus('parcours', NULL, NULL)
#8 C:\xampp\htdocs\students\espunilu\system\CodeIgniter.php(822): App\Controllers\Student->_remap('cursus', 'parcours')
#9 C:\xampp\htdocs\students\espunilu\system\CodeIgniter.php(410): CodeIgniter\CodeIgniter->runController(Object(App\Controllers\Student))
#10 C:\xampp\htdocs\students\espunilu\system\CodeIgniter.php(318): CodeIgniter\CodeIgniter->handleRequest(NULL, Object(Config\Cache), false)
#11 C:\xampp\htdocs\students\espunilu\index.php(37): CodeIgniter\CodeIgniter->run()
#12 {main}
CRITICAL - 2022-10-15 16:32:02 --> Invalid file: app/eleve/cursus/parcours.php
#0 C:\xampp\htdocs\students\espunilu\system\View\View.php(198): CodeIgniter\Exceptions\FrameworkException::forInvalidFile('app/eleve/cursu...')
#1 C:\xampp\htdocs\students\espunilu\system\Common.php(1097): CodeIgniter\View\View->render('app/eleve/cursu...', Array, true)
#2 C:\xampp\htdocs\students\espunilu\app\Views\layouts\app.php(519): view('app/eleve/cursu...')
#3 C:\xampp\htdocs\students\espunilu\system\View\View.php(214): include('C:\\xampp\\htdocs...')
#4 C:\xampp\htdocs\students\espunilu\system\View\View.php(217): CodeIgniter\View\View->CodeIgniter\View\{closure}()
#5 C:\xampp\htdocs\students\espunilu\system\Common.php(1097): CodeIgniter\View\View->render('layouts/app', Array, true)
#6 C:\xampp\htdocs\students\espunilu\app\Controllers\Student.php(137): view('layouts/app', Array)
#7 C:\xampp\htdocs\students\espunilu\app\Controllers\Student.php(42): App\Controllers\Student->cursus('parcours', NULL, NULL)
#8 C:\xampp\htdocs\students\espunilu\system\CodeIgniter.php(822): App\Controllers\Student->_remap('cursus', 'parcours')
#9 C:\xampp\htdocs\students\espunilu\system\CodeIgniter.php(410): CodeIgniter\CodeIgniter->runController(Object(App\Controllers\Student))
#10 C:\xampp\htdocs\students\espunilu\system\CodeIgniter.php(318): CodeIgniter\CodeIgniter->handleRequest(NULL, Object(Config\Cache), false)
#11 C:\xampp\htdocs\students\espunilu\index.php(37): CodeIgniter\CodeIgniter->run()
#12 {main}
CRITICAL - 2022-10-15 16:32:37 --> Invalid file: app/eleve/cursus/parcours.php
#0 C:\xampp\htdocs\students\espunilu\system\View\View.php(198): CodeIgniter\Exceptions\FrameworkException::forInvalidFile('app/eleve/cursu...')
#1 C:\xampp\htdocs\students\espunilu\system\Common.php(1097): CodeIgniter\View\View->render('app/eleve/cursu...', Array, true)
#2 C:\xampp\htdocs\students\espunilu\app\Views\layouts\app.php(519): view('app/eleve/cursu...')
#3 C:\xampp\htdocs\students\espunilu\system\View\View.php(214): include('C:\\xampp\\htdocs...')
#4 C:\xampp\htdocs\students\espunilu\system\View\View.php(217): CodeIgniter\View\View->CodeIgniter\View\{closure}()
#5 C:\xampp\htdocs\students\espunilu\system\Common.php(1097): CodeIgniter\View\View->render('layouts/app', Array, true)
#6 C:\xampp\htdocs\students\espunilu\app\Controllers\Student.php(137): view('layouts/app', Array)
#7 C:\xampp\htdocs\students\espunilu\app\Controllers\Student.php(42): App\Controllers\Student->cursus('parcours', NULL, NULL)
#8 C:\xampp\htdocs\students\espunilu\system\CodeIgniter.php(822): App\Controllers\Student->_remap('cursus', 'parcours')
#9 C:\xampp\htdocs\students\espunilu\system\CodeIgniter.php(410): CodeIgniter\CodeIgniter->runController(Object(App\Controllers\Student))
#10 C:\xampp\htdocs\students\espunilu\system\CodeIgniter.php(318): CodeIgniter\CodeIgniter->handleRequest(NULL, Object(Config\Cache), false)
#11 C:\xampp\htdocs\students\espunilu\index.php(37): CodeIgniter\CodeIgniter->run()
#12 {main}
CRITICAL - 2022-10-15 16:32:38 --> Invalid file: app/eleve/cursus/parcours.php
#0 C:\xampp\htdocs\students\espunilu\system\View\View.php(198): CodeIgniter\Exceptions\FrameworkException::forInvalidFile('app/eleve/cursu...')
#1 C:\xampp\htdocs\students\espunilu\system\Common.php(1097): CodeIgniter\View\View->render('app/eleve/cursu...', Array, true)
#2 C:\xampp\htdocs\students\espunilu\app\Views\layouts\app.php(519): view('app/eleve/cursu...')
#3 C:\xampp\htdocs\students\espunilu\system\View\View.php(214): include('C:\\xampp\\htdocs...')
#4 C:\xampp\htdocs\students\espunilu\system\View\View.php(217): CodeIgniter\View\View->CodeIgniter\View\{closure}()
#5 C:\xampp\htdocs\students\espunilu\system\Common.php(1097): CodeIgniter\View\View->render('layouts/app', Array, true)
#6 C:\xampp\htdocs\students\espunilu\app\Controllers\Student.php(137): view('layouts/app', Array)
#7 C:\xampp\htdocs\students\espunilu\app\Controllers\Student.php(42): App\Controllers\Student->cursus('parcours', NULL, NULL)
#8 C:\xampp\htdocs\students\espunilu\system\CodeIgniter.php(822): App\Controllers\Student->_remap('cursus', 'parcours')
#9 C:\xampp\htdocs\students\espunilu\system\CodeIgniter.php(410): CodeIgniter\CodeIgniter->runController(Object(App\Controllers\Student))
#10 C:\xampp\htdocs\students\espunilu\system\CodeIgniter.php(318): CodeIgniter\CodeIgniter->handleRequest(NULL, Object(Config\Cache), false)
#11 C:\xampp\htdocs\students\espunilu\index.php(37): CodeIgniter\CodeIgniter->run()
#12 {main}
