CRITICAL - 2022-10-17 16:33:15 --> Undefined variable $key_uid
#0 C:\xampp\htdocs\students\espunilu\app\Controllers\Office.php(84): CodeIgniter\Debug\Exceptions->errorHandler(2, 'Undefined varia...', 'C:\\xampp\\htdocs...', 84)
#1 C:\xampp\htdocs\students\espunilu\system\CodeIgniter.php(824): App\Controllers\Office->deliberation()
#2 C:\xampp\htdocs\students\espunilu\system\CodeIgniter.php(410): CodeIgniter\CodeIgniter->runController(Object(App\Controllers\Office))
#3 C:\xampp\htdocs\students\espunilu\system\CodeIgniter.php(318): CodeIgniter\CodeIgniter->handleRequest(NULL, Object(Config\Cache), false)
#4 C:\xampp\htdocs\students\espunilu\index.php(37): CodeIgniter\CodeIgniter->run()
#5 {main}
CRITICAL - 2022-10-17 16:33:38 --> Undefined array key "branche_libelle"
#0 C:\xampp\htdocs\students\espunilu\app\Views\app\rapports\cursus\deliberation.php(164): CodeIgniter\Debug\Exceptions->errorHandler(2, 'Undefined array...', 'C:\\xampp\\htdocs...', 164)
#1 C:\xampp\htdocs\students\espunilu\system\View\View.php(214): include('C:\\xampp\\htdocs...')
#2 C:\xampp\htdocs\students\espunilu\system\View\View.php(217): CodeIgniter\View\View->CodeIgniter\View\{closure}()
#3 C:\xampp\htdocs\students\espunilu\system\Common.php(1097): CodeIgniter\View\View->render('app/rapports/cu...', Array, true)
#4 C:\xampp\htdocs\students\espunilu\app\Views\layouts\app.php(534): view('app/rapports/cu...')
#5 C:\xampp\htdocs\students\espunilu\system\View\View.php(214): include('C:\\xampp\\htdocs...')
#6 C:\xampp\htdocs\students\espunilu\system\View\View.php(217): CodeIgniter\View\View->CodeIgniter\View\{closure}()
#7 C:\xampp\htdocs\students\espunilu\system\Common.php(1097): CodeIgniter\View\View->render('layouts/app', Array, true)
#8 C:\xampp\htdocs\students\espunilu\app\Controllers\Office.php(88): view('layouts/app', Array)
#9 C:\xampp\htdocs\students\espunilu\system\CodeIgniter.php(824): App\Controllers\Office->deliberation()
#10 C:\xampp\htdocs\students\espunilu\system\CodeIgniter.php(410): CodeIgniter\CodeIgniter->runController(Object(App\Controllers\Office))
#11 C:\xampp\htdocs\students\espunilu\system\CodeIgniter.php(318): CodeIgniter\CodeIgniter->handleRequest(NULL, Object(Config\Cache), false)
#12 C:\xampp\htdocs\students\espunilu\index.php(37): CodeIgniter\CodeIgniter->run()
#13 {main}
CRITICAL - 2022-10-17 17:10:09 --> Undefined variable $annee_scolaire
#0 C:\xampp\htdocs\students\espunilu\app\Controllers\Office.php(85): CodeIgniter\Debug\Exceptions->errorHandler(2, 'Undefined varia...', 'C:\\xampp\\htdocs...', 85)
#1 C:\xampp\htdocs\students\espunilu\system\CodeIgniter.php(824): App\Controllers\Office->deliberation()
#2 C:\xampp\htdocs\students\espunilu\system\CodeIgniter.php(410): CodeIgniter\CodeIgniter->runController(Object(App\Controllers\Office))
#3 C:\xampp\htdocs\students\espunilu\system\CodeIgniter.php(318): CodeIgniter\CodeIgniter->handleRequest(NULL, Object(Config\Cache), false)
#4 C:\xampp\htdocs\students\espunilu\index.php(37): CodeIgniter\CodeIgniter->run()
#5 {main}
CRITICAL - 2022-10-17 17:10:25 --> Undefined array key "cote_matiere_uid"
#0 C:\xampp\htdocs\students\espunilu\app\Views\app\rapports\cursus\deliberation.php(166): CodeIgniter\Debug\Exceptions->errorHandler(2, 'Undefined array...', 'C:\\xampp\\htdocs...', 166)
#1 C:\xampp\htdocs\students\espunilu\system\View\View.php(214): include('C:\\xampp\\htdocs...')
#2 C:\xampp\htdocs\students\espunilu\system\View\View.php(217): CodeIgniter\View\View->CodeIgniter\View\{closure}()
#3 C:\xampp\htdocs\students\espunilu\system\Common.php(1097): CodeIgniter\View\View->render('app/rapports/cu...', Array, true)
#4 C:\xampp\htdocs\students\espunilu\app\Views\layouts\app.php(534): view('app/rapports/cu...')
#5 C:\xampp\htdocs\students\espunilu\system\View\View.php(214): include('C:\\xampp\\htdocs...')
#6 C:\xampp\htdocs\students\espunilu\system\View\View.php(217): CodeIgniter\View\View->CodeIgniter\View\{closure}()
#7 C:\xampp\htdocs\students\espunilu\system\Common.php(1097): CodeIgniter\View\View->render('layouts/app', Array, true)
#8 C:\xampp\htdocs\students\espunilu\app\Controllers\Office.php(89): view('layouts/app', Array)
#9 C:\xampp\htdocs\students\espunilu\system\CodeIgniter.php(824): App\Controllers\Office->deliberation()
#10 C:\xampp\htdocs\students\espunilu\system\CodeIgniter.php(410): CodeIgniter\CodeIgniter->runController(Object(App\Controllers\Office))
#11 C:\xampp\htdocs\students\espunilu\system\CodeIgniter.php(318): CodeIgniter\CodeIgniter->handleRequest(NULL, Object(Config\Cache), false)
#12 C:\xampp\htdocs\students\espunilu\index.php(37): CodeIgniter\CodeIgniter->run()
#13 {main}
CRITICAL - 2022-10-17 17:12:25 --> Uninitialized string offset 1
#0 C:\xampp\htdocs\students\espunilu\app\Views\app\rapports\cursus\deliberation.php(168): CodeIgniter\Debug\Exceptions->errorHandler(2, 'Uninitialized s...', 'C:\\xampp\\htdocs...', 168)
#1 C:\xampp\htdocs\students\espunilu\system\View\View.php(214): include('C:\\xampp\\htdocs...')
#2 C:\xampp\htdocs\students\espunilu\system\View\View.php(217): CodeIgniter\View\View->CodeIgniter\View\{closure}()
#3 C:\xampp\htdocs\students\espunilu\system\Common.php(1097): CodeIgniter\View\View->render('app/rapports/cu...', Array, true)
#4 C:\xampp\htdocs\students\espunilu\app\Views\layouts\app.php(534): view('app/rapports/cu...')
#5 C:\xampp\htdocs\students\espunilu\system\View\View.php(214): include('C:\\xampp\\htdocs...')
#6 C:\xampp\htdocs\students\espunilu\system\View\View.php(217): CodeIgniter\View\View->CodeIgniter\View\{closure}()
#7 C:\xampp\htdocs\students\espunilu\system\Common.php(1097): CodeIgniter\View\View->render('layouts/app', Array, true)
#8 C:\xampp\htdocs\students\espunilu\app\Controllers\Office.php(89): view('layouts/app', Array)
#9 C:\xampp\htdocs\students\espunilu\system\CodeIgniter.php(824): App\Controllers\Office->deliberation()
#10 C:\xampp\htdocs\students\espunilu\system\CodeIgniter.php(410): CodeIgniter\CodeIgniter->runController(Object(App\Controllers\Office))
#11 C:\xampp\htdocs\students\espunilu\system\CodeIgniter.php(318): CodeIgniter\CodeIgniter->handleRequest(NULL, Object(Config\Cache), false)
#12 C:\xampp\htdocs\students\espunilu\index.php(37): CodeIgniter\CodeIgniter->run()
#13 {main}
CRITICAL - 2022-10-17 17:14:45 --> Uninitialized string offset 1
#0 C:\xampp\htdocs\students\espunilu\app\Views\app\rapports\cursus\deliberation.php(176): CodeIgniter\Debug\Exceptions->errorHandler(2, 'Uninitialized s...', 'C:\\xampp\\htdocs...', 176)
#1 C:\xampp\htdocs\students\espunilu\system\View\View.php(214): include('C:\\xampp\\htdocs...')
#2 C:\xampp\htdocs\students\espunilu\system\View\View.php(217): CodeIgniter\View\View->CodeIgniter\View\{closure}()
#3 C:\xampp\htdocs\students\espunilu\system\Common.php(1097): CodeIgniter\View\View->render('app/rapports/cu...', Array, true)
#4 C:\xampp\htdocs\students\espunilu\app\Views\layouts\app.php(534): view('app/rapports/cu...')
#5 C:\xampp\htdocs\students\espunilu\system\View\View.php(214): include('C:\\xampp\\htdocs...')
#6 C:\xampp\htdocs\students\espunilu\system\View\View.php(217): CodeIgniter\View\View->CodeIgniter\View\{closure}()
#7 C:\xampp\htdocs\students\espunilu\system\Common.php(1097): CodeIgniter\View\View->render('layouts/app', Array, true)
#8 C:\xampp\htdocs\students\espunilu\app\Controllers\Office.php(89): view('layouts/app', Array)
#9 C:\xampp\htdocs\students\espunilu\system\CodeIgniter.php(824): App\Controllers\Office->deliberation()
#10 C:\xampp\htdocs\students\espunilu\system\CodeIgniter.php(410): CodeIgniter\CodeIgniter->runController(Object(App\Controllers\Office))
#11 C:\xampp\htdocs\students\espunilu\system\CodeIgniter.php(318): CodeIgniter\CodeIgniter->handleRequest(NULL, Object(Config\Cache), false)
#12 C:\xampp\htdocs\students\espunilu\index.php(37): CodeIgniter\CodeIgniter->run()
#13 {main}
CRITICAL - 2022-10-17 17:15:13 --> Undefined variable $total
#0 C:\xampp\htdocs\students\espunilu\app\Views\app\rapports\cursus\deliberation.php(184): CodeIgniter\Debug\Exceptions->errorHandler(2, 'Undefined varia...', 'C:\\xampp\\htdocs...', 184)
#1 C:\xampp\htdocs\students\espunilu\system\View\View.php(214): include('C:\\xampp\\htdocs...')
#2 C:\xampp\htdocs\students\espunilu\system\View\View.php(217): CodeIgniter\View\View->CodeIgniter\View\{closure}()
#3 C:\xampp\htdocs\students\espunilu\system\Common.php(1097): CodeIgniter\View\View->render('app/rapports/cu...', Array, true)
#4 C:\xampp\htdocs\students\espunilu\app\Views\layouts\app.php(534): view('app/rapports/cu...')
#5 C:\xampp\htdocs\students\espunilu\system\View\View.php(214): include('C:\\xampp\\htdocs...')
#6 C:\xampp\htdocs\students\espunilu\system\View\View.php(217): CodeIgniter\View\View->CodeIgniter\View\{closure}()
#7 C:\xampp\htdocs\students\espunilu\system\Common.php(1097): CodeIgniter\View\View->render('layouts/app', Array, true)
#8 C:\xampp\htdocs\students\espunilu\app\Controllers\Office.php(89): view('layouts/app', Array)
#9 C:\xampp\htdocs\students\espunilu\system\CodeIgniter.php(824): App\Controllers\Office->deliberation()
#10 C:\xampp\htdocs\students\espunilu\system\CodeIgniter.php(410): CodeIgniter\CodeIgniter->runController(Object(App\Controllers\Office))
#11 C:\xampp\htdocs\students\espunilu\system\CodeIgniter.php(318): CodeIgniter\CodeIgniter->handleRequest(NULL, Object(Config\Cache), false)
#12 C:\xampp\htdocs\students\espunilu\index.php(37): CodeIgniter\CodeIgniter->run()
#13 {main}
CRITICAL - 2022-10-17 17:15:29 --> Uninitialized string offset 1
#0 C:\xampp\htdocs\students\espunilu\app\Views\app\rapports\cursus\deliberation.php(169): CodeIgniter\Debug\Exceptions->errorHandler(2, 'Uninitialized s...', 'C:\\xampp\\htdocs...', 169)
#1 C:\xampp\htdocs\students\espunilu\system\View\View.php(214): include('C:\\xampp\\htdocs...')
#2 C:\xampp\htdocs\students\espunilu\system\View\View.php(217): CodeIgniter\View\View->CodeIgniter\View\{closure}()
#3 C:\xampp\htdocs\students\espunilu\system\Common.php(1097): CodeIgniter\View\View->render('app/rapports/cu...', Array, true)
#4 C:\xampp\htdocs\students\espunilu\app\Views\layouts\app.php(534): view('app/rapports/cu...')
#5 C:\xampp\htdocs\students\espunilu\system\View\View.php(214): include('C:\\xampp\\htdocs...')
#6 C:\xampp\htdocs\students\espunilu\system\View\View.php(217): CodeIgniter\View\View->CodeIgniter\View\{closure}()
#7 C:\xampp\htdocs\students\espunilu\system\Common.php(1097): CodeIgniter\View\View->render('layouts/app', Array, true)
#8 C:\xampp\htdocs\students\espunilu\app\Controllers\Office.php(89): view('layouts/app', Array)
#9 C:\xampp\htdocs\students\espunilu\system\CodeIgniter.php(824): App\Controllers\Office->deliberation()
#10 C:\xampp\htdocs\students\espunilu\system\CodeIgniter.php(410): CodeIgniter\CodeIgniter->runController(Object(App\Controllers\Office))
#11 C:\xampp\htdocs\students\espunilu\system\CodeIgniter.php(318): CodeIgniter\CodeIgniter->handleRequest(NULL, Object(Config\Cache), false)
#12 C:\xampp\htdocs\students\espunilu\index.php(37): CodeIgniter\CodeIgniter->run()
#13 {main}
CRITICAL - 2022-10-17 17:18:57 --> Uninitialized string offset 1
#0 C:\xampp\htdocs\students\espunilu\app\Views\app\rapports\cursus\deliberation.php(182): CodeIgniter\Debug\Exceptions->errorHandler(2, 'Uninitialized s...', 'C:\\xampp\\htdocs...', 182)
#1 C:\xampp\htdocs\students\espunilu\system\View\View.php(214): include('C:\\xampp\\htdocs...')
#2 C:\xampp\htdocs\students\espunilu\system\View\View.php(217): CodeIgniter\View\View->CodeIgniter\View\{closure}()
#3 C:\xampp\htdocs\students\espunilu\system\Common.php(1097): CodeIgniter\View\View->render('app/rapports/cu...', Array, true)
#4 C:\xampp\htdocs\students\espunilu\app\Views\layouts\app.php(534): view('app/rapports/cu...')
#5 C:\xampp\htdocs\students\espunilu\system\View\View.php(214): include('C:\\xampp\\htdocs...')
#6 C:\xampp\htdocs\students\espunilu\system\View\View.php(217): CodeIgniter\View\View->CodeIgniter\View\{closure}()
#7 C:\xampp\htdocs\students\espunilu\system\Common.php(1097): CodeIgniter\View\View->render('layouts/app', Array, true)
#8 C:\xampp\htdocs\students\espunilu\app\Controllers\Office.php(89): view('layouts/app', Array)
#9 C:\xampp\htdocs\students\espunilu\system\CodeIgniter.php(824): App\Controllers\Office->deliberation()
#10 C:\xampp\htdocs\students\espunilu\system\CodeIgniter.php(410): CodeIgniter\CodeIgniter->runController(Object(App\Controllers\Office))
#11 C:\xampp\htdocs\students\espunilu\system\CodeIgniter.php(318): CodeIgniter\CodeIgniter->handleRequest(NULL, Object(Config\Cache), false)
#12 C:\xampp\htdocs\students\espunilu\index.php(37): CodeIgniter\CodeIgniter->run()
#13 {main}
CRITICAL - 2022-10-17 17:19:57 --> Uninitialized string offset 1
#0 C:\xampp\htdocs\students\espunilu\app\Views\app\rapports\cursus\deliberation.php(182): CodeIgniter\Debug\Exceptions->errorHandler(2, 'Uninitialized s...', 'C:\\xampp\\htdocs...', 182)
#1 C:\xampp\htdocs\students\espunilu\system\View\View.php(214): include('C:\\xampp\\htdocs...')
#2 C:\xampp\htdocs\students\espunilu\system\View\View.php(217): CodeIgniter\View\View->CodeIgniter\View\{closure}()
#3 C:\xampp\htdocs\students\espunilu\system\Common.php(1097): CodeIgniter\View\View->render('app/rapports/cu...', Array, true)
#4 C:\xampp\htdocs\students\espunilu\app\Views\layouts\app.php(534): view('app/rapports/cu...')
#5 C:\xampp\htdocs\students\espunilu\system\View\View.php(214): include('C:\\xampp\\htdocs...')
#6 C:\xampp\htdocs\students\espunilu\system\View\View.php(217): CodeIgniter\View\View->CodeIgniter\View\{closure}()
#7 C:\xampp\htdocs\students\espunilu\system\Common.php(1097): CodeIgniter\View\View->render('layouts/app', Array, true)
#8 C:\xampp\htdocs\students\espunilu\app\Controllers\Office.php(89): view('layouts/app', Array)
#9 C:\xampp\htdocs\students\espunilu\system\CodeIgniter.php(824): App\Controllers\Office->deliberation()
#10 C:\xampp\htdocs\students\espunilu\system\CodeIgniter.php(410): CodeIgniter\CodeIgniter->runController(Object(App\Controllers\Office))
#11 C:\xampp\htdocs\students\espunilu\system\CodeIgniter.php(318): CodeIgniter\CodeIgniter->handleRequest(NULL, Object(Config\Cache), false)
#12 C:\xampp\htdocs\students\espunilu\index.php(37): CodeIgniter\CodeIgniter->run()
#13 {main}
CRITICAL - 2022-10-17 17:20:19 --> Uninitialized string offset 2
#0 C:\xampp\htdocs\students\espunilu\app\Views\app\rapports\cursus\deliberation.php(171): CodeIgniter\Debug\Exceptions->errorHandler(2, 'Uninitialized s...', 'C:\\xampp\\htdocs...', 171)
#1 C:\xampp\htdocs\students\espunilu\system\View\View.php(214): include('C:\\xampp\\htdocs...')
#2 C:\xampp\htdocs\students\espunilu\system\View\View.php(217): CodeIgniter\View\View->CodeIgniter\View\{closure}()
#3 C:\xampp\htdocs\students\espunilu\system\Common.php(1097): CodeIgniter\View\View->render('app/rapports/cu...', Array, true)
#4 C:\xampp\htdocs\students\espunilu\app\Views\layouts\app.php(534): view('app/rapports/cu...')
#5 C:\xampp\htdocs\students\espunilu\system\View\View.php(214): include('C:\\xampp\\htdocs...')
#6 C:\xampp\htdocs\students\espunilu\system\View\View.php(217): CodeIgniter\View\View->CodeIgniter\View\{closure}()
#7 C:\xampp\htdocs\students\espunilu\system\Common.php(1097): CodeIgniter\View\View->render('layouts/app', Array, true)
#8 C:\xampp\htdocs\students\espunilu\app\Controllers\Office.php(89): view('layouts/app', Array)
#9 C:\xampp\htdocs\students\espunilu\system\CodeIgniter.php(824): App\Controllers\Office->deliberation()
#10 C:\xampp\htdocs\students\espunilu\system\CodeIgniter.php(410): CodeIgniter\CodeIgniter->runController(Object(App\Controllers\Office))
#11 C:\xampp\htdocs\students\espunilu\system\CodeIgniter.php(318): CodeIgniter\CodeIgniter->handleRequest(NULL, Object(Config\Cache), false)
#12 C:\xampp\htdocs\students\espunilu\index.php(37): CodeIgniter\CodeIgniter->run()
#13 {main}
CRITICAL - 2022-10-17 17:20:27 --> Uninitialized string offset 2
#0 C:\xampp\htdocs\students\espunilu\app\Views\app\rapports\cursus\deliberation.php(171): CodeIgniter\Debug\Exceptions->errorHandler(2, 'Uninitialized s...', 'C:\\xampp\\htdocs...', 171)
#1 C:\xampp\htdocs\students\espunilu\system\View\View.php(214): include('C:\\xampp\\htdocs...')
#2 C:\xampp\htdocs\students\espunilu\system\View\View.php(217): CodeIgniter\View\View->CodeIgniter\View\{closure}()
#3 C:\xampp\htdocs\students\espunilu\system\Common.php(1097): CodeIgniter\View\View->render('app/rapports/cu...', Array, true)
#4 C:\xampp\htdocs\students\espunilu\app\Views\layouts\app.php(534): view('app/rapports/cu...')
#5 C:\xampp\htdocs\students\espunilu\system\View\View.php(214): include('C:\\xampp\\htdocs...')
#6 C:\xampp\htdocs\students\espunilu\system\View\View.php(217): CodeIgniter\View\View->CodeIgniter\View\{closure}()
#7 C:\xampp\htdocs\students\espunilu\system\Common.php(1097): CodeIgniter\View\View->render('layouts/app', Array, true)
#8 C:\xampp\htdocs\students\espunilu\app\Controllers\Office.php(89): view('layouts/app', Array)
#9 C:\xampp\htdocs\students\espunilu\system\CodeIgniter.php(824): App\Controllers\Office->deliberation()
#10 C:\xampp\htdocs\students\espunilu\system\CodeIgniter.php(410): CodeIgniter\CodeIgniter->runController(Object(App\Controllers\Office))
#11 C:\xampp\htdocs\students\espunilu\system\CodeIgniter.php(318): CodeIgniter\CodeIgniter->handleRequest(NULL, Object(Config\Cache), false)
#12 C:\xampp\htdocs\students\espunilu\index.php(37): CodeIgniter\CodeIgniter->run()
#13 {main}
CRITICAL - 2022-10-17 17:23:37 --> Uninitialized string offset 32
#0 C:\xampp\htdocs\students\espunilu\app\Views\app\rapports\cursus\deliberation.php(170): CodeIgniter\Debug\Exceptions->errorHandler(2, 'Uninitialized s...', 'C:\\xampp\\htdocs...', 170)
#1 C:\xampp\htdocs\students\espunilu\system\View\View.php(214): include('C:\\xampp\\htdocs...')
#2 C:\xampp\htdocs\students\espunilu\system\View\View.php(217): CodeIgniter\View\View->CodeIgniter\View\{closure}()
#3 C:\xampp\htdocs\students\espunilu\system\Common.php(1097): CodeIgniter\View\View->render('app/rapports/cu...', Array, true)
#4 C:\xampp\htdocs\students\espunilu\app\Views\layouts\app.php(534): view('app/rapports/cu...')
#5 C:\xampp\htdocs\students\espunilu\system\View\View.php(214): include('C:\\xampp\\htdocs...')
#6 C:\xampp\htdocs\students\espunilu\system\View\View.php(217): CodeIgniter\View\View->CodeIgniter\View\{closure}()
#7 C:\xampp\htdocs\students\espunilu\system\Common.php(1097): CodeIgniter\View\View->render('layouts/app', Array, true)
#8 C:\xampp\htdocs\students\espunilu\app\Controllers\Office.php(89): view('layouts/app', Array)
#9 C:\xampp\htdocs\students\espunilu\system\CodeIgniter.php(824): App\Controllers\Office->deliberation()
#10 C:\xampp\htdocs\students\espunilu\system\CodeIgniter.php(410): CodeIgniter\CodeIgniter->runController(Object(App\Controllers\Office))
#11 C:\xampp\htdocs\students\espunilu\system\CodeIgniter.php(318): CodeIgniter\CodeIgniter->handleRequest(NULL, Object(Config\Cache), false)
#12 C:\xampp\htdocs\students\espunilu\index.php(37): CodeIgniter\CodeIgniter->run()
#13 {main}
CRITICAL - 2022-10-17 17:29:14 --> Uninitialized string offset 2
#0 C:\xampp\htdocs\students\espunilu\app\Views\app\rapports\cursus\deliberation.php(182): CodeIgniter\Debug\Exceptions->errorHandler(2, 'Uninitialized s...', 'C:\\xampp\\htdocs...', 182)
#1 C:\xampp\htdocs\students\espunilu\system\View\View.php(214): include('C:\\xampp\\htdocs...')
#2 C:\xampp\htdocs\students\espunilu\system\View\View.php(217): CodeIgniter\View\View->CodeIgniter\View\{closure}()
#3 C:\xampp\htdocs\students\espunilu\system\Common.php(1097): CodeIgniter\View\View->render('app/rapports/cu...', Array, true)
#4 C:\xampp\htdocs\students\espunilu\app\Views\layouts\app.php(534): view('app/rapports/cu...')
#5 C:\xampp\htdocs\students\espunilu\system\View\View.php(214): include('C:\\xampp\\htdocs...')
#6 C:\xampp\htdocs\students\espunilu\system\View\View.php(217): CodeIgniter\View\View->CodeIgniter\View\{closure}()
#7 C:\xampp\htdocs\students\espunilu\system\Common.php(1097): CodeIgniter\View\View->render('layouts/app', Array, true)
#8 C:\xampp\htdocs\students\espunilu\app\Controllers\Office.php(89): view('layouts/app', Array)
#9 C:\xampp\htdocs\students\espunilu\system\CodeIgniter.php(824): App\Controllers\Office->deliberation()
#10 C:\xampp\htdocs\students\espunilu\system\CodeIgniter.php(410): CodeIgniter\CodeIgniter->runController(Object(App\Controllers\Office))
#11 C:\xampp\htdocs\students\espunilu\system\CodeIgniter.php(318): CodeIgniter\CodeIgniter->handleRequest(NULL, Object(Config\Cache), false)
#12 C:\xampp\htdocs\students\espunilu\index.php(37): CodeIgniter\CodeIgniter->run()
#13 {main}
CRITICAL - 2022-10-17 17:29:38 --> Uninitialized string offset 2
#0 C:\xampp\htdocs\students\espunilu\app\Views\app\rapports\cursus\deliberation.php(182): CodeIgniter\Debug\Exceptions->errorHandler(2, 'Uninitialized s...', 'C:\\xampp\\htdocs...', 182)
#1 C:\xampp\htdocs\students\espunilu\system\View\View.php(214): include('C:\\xampp\\htdocs...')
#2 C:\xampp\htdocs\students\espunilu\system\View\View.php(217): CodeIgniter\View\View->CodeIgniter\View\{closure}()
#3 C:\xampp\htdocs\students\espunilu\system\Common.php(1097): CodeIgniter\View\View->render('app/rapports/cu...', Array, true)
#4 C:\xampp\htdocs\students\espunilu\app\Views\layouts\app.php(534): view('app/rapports/cu...')
#5 C:\xampp\htdocs\students\espunilu\system\View\View.php(214): include('C:\\xampp\\htdocs...')
#6 C:\xampp\htdocs\students\espunilu\system\View\View.php(217): CodeIgniter\View\View->CodeIgniter\View\{closure}()
#7 C:\xampp\htdocs\students\espunilu\system\Common.php(1097): CodeIgniter\View\View->render('layouts/app', Array, true)
#8 C:\xampp\htdocs\students\espunilu\app\Controllers\Office.php(89): view('layouts/app', Array)
#9 C:\xampp\htdocs\students\espunilu\system\CodeIgniter.php(824): App\Controllers\Office->deliberation()
#10 C:\xampp\htdocs\students\espunilu\system\CodeIgniter.php(410): CodeIgniter\CodeIgniter->runController(Object(App\Controllers\Office))
#11 C:\xampp\htdocs\students\espunilu\system\CodeIgniter.php(318): CodeIgniter\CodeIgniter->handleRequest(NULL, Object(Config\Cache), false)
#12 C:\xampp\htdocs\students\espunilu\index.php(37): CodeIgniter\CodeIgniter->run()
#13 {main}
CRITICAL - 2022-10-17 17:43:00 --> Undefined variable $totalCours
#0 C:\xampp\htdocs\students\espunilu\app\Views\app\rapports\cursus\deliberation.php(164): CodeIgniter\Debug\Exceptions->errorHandler(2, 'Undefined varia...', 'C:\\xampp\\htdocs...', 164)
#1 C:\xampp\htdocs\students\espunilu\system\View\View.php(214): include('C:\\xampp\\htdocs...')
#2 C:\xampp\htdocs\students\espunilu\system\View\View.php(217): CodeIgniter\View\View->CodeIgniter\View\{closure}()
#3 C:\xampp\htdocs\students\espunilu\system\Common.php(1097): CodeIgniter\View\View->render('app/rapports/cu...', Array, true)
#4 C:\xampp\htdocs\students\espunilu\app\Views\layouts\app.php(534): view('app/rapports/cu...')
#5 C:\xampp\htdocs\students\espunilu\system\View\View.php(214): include('C:\\xampp\\htdocs...')
#6 C:\xampp\htdocs\students\espunilu\system\View\View.php(217): CodeIgniter\View\View->CodeIgniter\View\{closure}()
#7 C:\xampp\htdocs\students\espunilu\system\Common.php(1097): CodeIgniter\View\View->render('layouts/app', Array, true)
#8 C:\xampp\htdocs\students\espunilu\app\Controllers\Office.php(89): view('layouts/app', Array)
#9 C:\xampp\htdocs\students\espunilu\system\CodeIgniter.php(824): App\Controllers\Office->deliberation()
#10 C:\xampp\htdocs\students\espunilu\system\CodeIgniter.php(410): CodeIgniter\CodeIgniter->runController(Object(App\Controllers\Office))
#11 C:\xampp\htdocs\students\espunilu\system\CodeIgniter.php(318): CodeIgniter\CodeIgniter->handleRequest(NULL, Object(Config\Cache), false)
#12 C:\xampp\htdocs\students\espunilu\index.php(37): CodeIgniter\CodeIgniter->run()
#13 {main}
CRITICAL - 2022-10-17 18:09:57 --> Undefined array key "matiere_max_examen"
#0 C:\xampp\htdocs\students\espunilu\app\Views\app\cours\listing\cotes.php(79): CodeIgniter\Debug\Exceptions->errorHandler(2, 'Undefined array...', 'C:\\xampp\\htdocs...', 79)
#1 C:\xampp\htdocs\students\espunilu\system\View\View.php(214): include('C:\\xampp\\htdocs...')
#2 C:\xampp\htdocs\students\espunilu\system\View\View.php(217): CodeIgniter\View\View->CodeIgniter\View\{closure}()
#3 C:\xampp\htdocs\students\espunilu\system\Common.php(1097): CodeIgniter\View\View->render('app/cours/listi...', Array, true)
#4 C:\xampp\htdocs\students\espunilu\app\Views\layouts\app.php(534): view('app/cours/listi...')
#5 C:\xampp\htdocs\students\espunilu\system\View\View.php(214): include('C:\\xampp\\htdocs...')
#6 C:\xampp\htdocs\students\espunilu\system\View\View.php(217): CodeIgniter\View\View->CodeIgniter\View\{closure}()
#7 C:\xampp\htdocs\students\espunilu\system\Common.php(1097): CodeIgniter\View\View->render('layouts/app', Array, true)
#8 C:\xampp\htdocs\students\espunilu\app\Controllers\Cours.php(87): view('layouts/app', Array)
#9 C:\xampp\htdocs\students\espunilu\app\Controllers\Cours.php(49): App\Controllers\Cours->view('cotes', NULL, NULL)
#10 C:\xampp\htdocs\students\espunilu\system\CodeIgniter.php(822): App\Controllers\Cours->_remap('view', 'cotes')
#11 C:\xampp\htdocs\students\espunilu\system\CodeIgniter.php(410): CodeIgniter\CodeIgniter->runController(Object(App\Controllers\Cours))
#12 C:\xampp\htdocs\students\espunilu\system\CodeIgniter.php(318): CodeIgniter\CodeIgniter->handleRequest(NULL, Object(Config\Cache), false)
#13 C:\xampp\htdocs\students\espunilu\index.php(37): CodeIgniter\CodeIgniter->run()
#14 {main}
CRITICAL - 2022-10-17 18:10:40 --> Undefined array key "matiere_max_examen"
#0 C:\xampp\htdocs\students\espunilu\app\Views\app\cours\listing\cotes.php(79): CodeIgniter\Debug\Exceptions->errorHandler(2, 'Undefined array...', 'C:\\xampp\\htdocs...', 79)
#1 C:\xampp\htdocs\students\espunilu\system\View\View.php(214): include('C:\\xampp\\htdocs...')
#2 C:\xampp\htdocs\students\espunilu\system\View\View.php(217): CodeIgniter\View\View->CodeIgniter\View\{closure}()
#3 C:\xampp\htdocs\students\espunilu\system\Common.php(1097): CodeIgniter\View\View->render('app/cours/listi...', Array, true)
#4 C:\xampp\htdocs\students\espunilu\app\Views\layouts\app.php(534): view('app/cours/listi...')
#5 C:\xampp\htdocs\students\espunilu\system\View\View.php(214): include('C:\\xampp\\htdocs...')
#6 C:\xampp\htdocs\students\espunilu\system\View\View.php(217): CodeIgniter\View\View->CodeIgniter\View\{closure}()
#7 C:\xampp\htdocs\students\espunilu\system\Common.php(1097): CodeIgniter\View\View->render('layouts/app', Array, true)
#8 C:\xampp\htdocs\students\espunilu\app\Controllers\Cours.php(87): view('layouts/app', Array)
#9 C:\xampp\htdocs\students\espunilu\app\Controllers\Cours.php(49): App\Controllers\Cours->view('cotes', NULL, NULL)
#10 C:\xampp\htdocs\students\espunilu\system\CodeIgniter.php(822): App\Controllers\Cours->_remap('view', 'cotes')
#11 C:\xampp\htdocs\students\espunilu\system\CodeIgniter.php(410): CodeIgniter\CodeIgniter->runController(Object(App\Controllers\Cours))
#12 C:\xampp\htdocs\students\espunilu\system\CodeIgniter.php(318): CodeIgniter\CodeIgniter->handleRequest(NULL, Object(Config\Cache), false)
#13 C:\xampp\htdocs\students\espunilu\index.php(37): CodeIgniter\CodeIgniter->run()
#14 {main}
ERROR - 2022-10-17 18:16:50 --> Unknown column 'matiere_ordre_bulletin' in 'order clause'
CRITICAL - 2022-10-17 18:16:50 --> Unknown column 'matiere_ordre_bulletin' in 'order clause'
#0 C:\xampp\htdocs\students\espunilu\system\Database\MySQLi\Connection.php(292): mysqli->query('SELECT *\nFROM `...', 0)
#1 C:\xampp\htdocs\students\espunilu\system\Database\BaseConnection.php(670): CodeIgniter\Database\MySQLi\Connection->execute('SELECT *\nFROM `...')
#2 C:\xampp\htdocs\students\espunilu\system\Database\BaseConnection.php(598): CodeIgniter\Database\BaseConnection->simpleQuery('SELECT *\nFROM `...')
#3 C:\xampp\htdocs\students\espunilu\system\Database\BaseBuilder.php(1443): CodeIgniter\Database\BaseConnection->query('SELECT *\nFROM `...', Array, false)
#4 C:\xampp\htdocs\students\espunilu\app\Models\AppModel.php(839): CodeIgniter\Database\BaseBuilder->get()
#5 C:\xampp\htdocs\students\espunilu\app\Controllers\Student.php(149): App\Models\AppModel->fetch_cotes_bulletin(Array, 'matiere_ordre_b...', 'ASC')
#6 C:\xampp\htdocs\students\espunilu\app\Controllers\Student.php(42): App\Controllers\Student->bulletin('202210171666017...', '202210161665876...', NULL)
#7 C:\xampp\htdocs\students\espunilu\system\CodeIgniter.php(822): App\Controllers\Student->_remap('bulletin', '202210171666017...', '202210161665876...')
#8 C:\xampp\htdocs\students\espunilu\system\CodeIgniter.php(410): CodeIgniter\CodeIgniter->runController(Object(App\Controllers\Student))
#9 C:\xampp\htdocs\students\espunilu\system\CodeIgniter.php(318): CodeIgniter\CodeIgniter->handleRequest(NULL, Object(Config\Cache), false)
#10 C:\xampp\htdocs\students\espunilu\index.php(37): CodeIgniter\CodeIgniter->run()
#11 {main}
CRITICAL - 2022-10-17 18:22:31 --> Undefined variable $total_cours
#0 C:\xampp\htdocs\students\espunilu\app\Views\app\rapports\cursus\deliberation.php(129): CodeIgniter\Debug\Exceptions->errorHandler(2, 'Undefined varia...', 'C:\\xampp\\htdocs...', 129)
#1 C:\xampp\htdocs\students\espunilu\system\View\View.php(214): include('C:\\xampp\\htdocs...')
#2 C:\xampp\htdocs\students\espunilu\system\View\View.php(217): CodeIgniter\View\View->CodeIgniter\View\{closure}()
#3 C:\xampp\htdocs\students\espunilu\system\Common.php(1097): CodeIgniter\View\View->render('app/rapports/cu...', Array, true)
#4 C:\xampp\htdocs\students\espunilu\app\Views\layouts\app.php(534): view('app/rapports/cu...')
#5 C:\xampp\htdocs\students\espunilu\system\View\View.php(214): include('C:\\xampp\\htdocs...')
#6 C:\xampp\htdocs\students\espunilu\system\View\View.php(217): CodeIgniter\View\View->CodeIgniter\View\{closure}()
#7 C:\xampp\htdocs\students\espunilu\system\Common.php(1097): CodeIgniter\View\View->render('layouts/app', Array, true)
#8 C:\xampp\htdocs\students\espunilu\app\Controllers\Office.php(89): view('layouts/app', Array)
#9 C:\xampp\htdocs\students\espunilu\system\CodeIgniter.php(824): App\Controllers\Office->deliberation()
#10 C:\xampp\htdocs\students\espunilu\system\CodeIgniter.php(410): CodeIgniter\CodeIgniter->runController(Object(App\Controllers\Office))
#11 C:\xampp\htdocs\students\espunilu\system\CodeIgniter.php(318): CodeIgniter\CodeIgniter->handleRequest(NULL, Object(Config\Cache), false)
#12 C:\xampp\htdocs\students\espunilu\index.php(37): CodeIgniter\CodeIgniter->run()
#13 {main}
CRITICAL - 2022-10-17 18:33:36 --> Undefined array key "cote_point_obtenu"
#0 C:\xampp\htdocs\students\espunilu\app\Views\app\rapports\cursus\deliberation.php(180): CodeIgniter\Debug\Exceptions->errorHandler(2, 'Undefined array...', 'C:\\xampp\\htdocs...', 180)
#1 C:\xampp\htdocs\students\espunilu\system\View\View.php(214): include('C:\\xampp\\htdocs...')
#2 C:\xampp\htdocs\students\espunilu\system\View\View.php(217): CodeIgniter\View\View->CodeIgniter\View\{closure}()
#3 C:\xampp\htdocs\students\espunilu\system\Common.php(1097): CodeIgniter\View\View->render('app/rapports/cu...', Array, true)
#4 C:\xampp\htdocs\students\espunilu\app\Views\layouts\app.php(534): view('app/rapports/cu...')
#5 C:\xampp\htdocs\students\espunilu\system\View\View.php(214): include('C:\\xampp\\htdocs...')
#6 C:\xampp\htdocs\students\espunilu\system\View\View.php(217): CodeIgniter\View\View->CodeIgniter\View\{closure}()
#7 C:\xampp\htdocs\students\espunilu\system\Common.php(1097): CodeIgniter\View\View->render('layouts/app', Array, true)
#8 C:\xampp\htdocs\students\espunilu\app\Controllers\Office.php(89): view('layouts/app', Array)
#9 C:\xampp\htdocs\students\espunilu\system\CodeIgniter.php(824): App\Controllers\Office->deliberation()
#10 C:\xampp\htdocs\students\espunilu\system\CodeIgniter.php(410): CodeIgniter\CodeIgniter->runController(Object(App\Controllers\Office))
#11 C:\xampp\htdocs\students\espunilu\system\CodeIgniter.php(318): CodeIgniter\CodeIgniter->handleRequest(NULL, Object(Config\Cache), false)
#12 C:\xampp\htdocs\students\espunilu\index.php(37): CodeIgniter\CodeIgniter->run()
#13 {main}
CRITICAL - 2022-10-17 19:14:00 --> count(): Argument #1 ($value) must be of type Countable|array, null given
#0 C:\xampp\htdocs\students\espunilu\app\Models\AppModel.php(256): count(NULL)
#1 C:\xampp\htdocs\students\espunilu\app\Controllers\Office.php(68): App\Models\AppModel->fetch_join_classes(Array, 'classe_created_...', 'row')
#2 C:\xampp\htdocs\students\espunilu\system\CodeIgniter.php(824): App\Controllers\Office->deliberation()
#3 C:\xampp\htdocs\students\espunilu\system\CodeIgniter.php(410): CodeIgniter\CodeIgniter->runController(Object(App\Controllers\Office))
#4 C:\xampp\htdocs\students\espunilu\system\CodeIgniter.php(318): CodeIgniter\CodeIgniter->handleRequest(NULL, Object(Config\Cache), false)
#5 C:\xampp\htdocs\students\espunilu\index.php(37): CodeIgniter\CodeIgniter->run()
#6 {main}
CRITICAL - 2022-10-17 19:27:40 --> Undefined variable $matieres
#0 C:\xampp\htdocs\students\espunilu\app\Views\app\rapports\cursus\deliberation.php(128): CodeIgniter\Debug\Exceptions->errorHandler(2, 'Undefined varia...', 'C:\\xampp\\htdocs...', 128)
#1 C:\xampp\htdocs\students\espunilu\system\View\View.php(214): include('C:\\xampp\\htdocs...')
#2 C:\xampp\htdocs\students\espunilu\system\View\View.php(217): CodeIgniter\View\View->CodeIgniter\View\{closure}()
#3 C:\xampp\htdocs\students\espunilu\system\Common.php(1097): CodeIgniter\View\View->render('app/rapports/cu...', Array, true)
#4 C:\xampp\htdocs\students\espunilu\app\Views\layouts\app.php(534): view('app/rapports/cu...')
#5 C:\xampp\htdocs\students\espunilu\system\View\View.php(214): include('C:\\xampp\\htdocs...')
#6 C:\xampp\htdocs\students\espunilu\system\View\View.php(217): CodeIgniter\View\View->CodeIgniter\View\{closure}()
#7 C:\xampp\htdocs\students\espunilu\system\Common.php(1097): CodeIgniter\View\View->render('layouts/app', Array, true)
#8 C:\xampp\htdocs\students\espunilu\app\Controllers\Office.php(87): view('layouts/app', Array)
#9 C:\xampp\htdocs\students\espunilu\system\CodeIgniter.php(824): App\Controllers\Office->deliberation()
#10 C:\xampp\htdocs\students\espunilu\system\CodeIgniter.php(410): CodeIgniter\CodeIgniter->runController(Object(App\Controllers\Office))
#11 C:\xampp\htdocs\students\espunilu\system\CodeIgniter.php(318): CodeIgniter\CodeIgniter->handleRequest(NULL, Object(Config\Cache), false)
#12 C:\xampp\htdocs\students\espunilu\index.php(37): CodeIgniter\CodeIgniter->run()
#13 {main}
CRITICAL - 2022-10-17 19:38:32 --> Trying to access array offset on value of type int
#0 C:\xampp\htdocs\students\espunilu\app\Views\app\rapports\cursus\deliberation.php(194): CodeIgniter\Debug\Exceptions->errorHandler(2, 'Trying to acces...', 'C:\\xampp\\htdocs...', 194)
#1 C:\xampp\htdocs\students\espunilu\system\View\View.php(214): include('C:\\xampp\\htdocs...')
#2 C:\xampp\htdocs\students\espunilu\system\View\View.php(217): CodeIgniter\View\View->CodeIgniter\View\{closure}()
#3 C:\xampp\htdocs\students\espunilu\system\Common.php(1097): CodeIgniter\View\View->render('app/rapports/cu...', Array, true)
#4 C:\xampp\htdocs\students\espunilu\app\Views\layouts\app.php(534): view('app/rapports/cu...')
#5 C:\xampp\htdocs\students\espunilu\system\View\View.php(214): include('C:\\xampp\\htdocs...')
#6 C:\xampp\htdocs\students\espunilu\system\View\View.php(217): CodeIgniter\View\View->CodeIgniter\View\{closure}()
#7 C:\xampp\htdocs\students\espunilu\system\Common.php(1097): CodeIgniter\View\View->render('layouts/app', Array, true)
#8 C:\xampp\htdocs\students\espunilu\app\Controllers\Office.php(94): view('layouts/app', Array)
#9 C:\xampp\htdocs\students\espunilu\system\CodeIgniter.php(824): App\Controllers\Office->deliberation()
#10 C:\xampp\htdocs\students\espunilu\system\CodeIgniter.php(410): CodeIgniter\CodeIgniter->runController(Object(App\Controllers\Office))
#11 C:\xampp\htdocs\students\espunilu\system\CodeIgniter.php(318): CodeIgniter\CodeIgniter->handleRequest(NULL, Object(Config\Cache), false)
#12 C:\xampp\htdocs\students\espunilu\index.php(37): CodeIgniter\CodeIgniter->run()
#13 {main}
ERROR - 2022-10-17 21:42:04 --> Unknown column 'cote_classe_uid' in 'where clause'
CRITICAL - 2022-10-17 21:42:04 --> Unknown column 'cote_classe_uid' in 'where clause'
#0 C:\xampp\htdocs\students\espunilu\system\Database\MySQLi\Connection.php(292): mysqli->query('SELECT *\nFROM `...', 0)
#1 C:\xampp\htdocs\students\espunilu\system\Database\BaseConnection.php(670): CodeIgniter\Database\MySQLi\Connection->execute('SELECT *\nFROM `...')
#2 C:\xampp\htdocs\students\espunilu\system\Database\BaseConnection.php(598): CodeIgniter\Database\BaseConnection->simpleQuery('SELECT *\nFROM `...')
#3 C:\xampp\htdocs\students\espunilu\system\Database\BaseBuilder.php(1443): CodeIgniter\Database\BaseConnection->query('SELECT *\nFROM `...', Array, false)
#4 C:\xampp\htdocs\students\espunilu\app\Models\AppModel.php(170): CodeIgniter\Database\BaseBuilder->get()
#5 C:\xampp\htdocs\students\espunilu\app\Controllers\Office.php(74): App\Models\AppModel->fetch_all_data('ts_cotes', Array, 'cote_created_at')
#6 C:\xampp\htdocs\students\espunilu\system\CodeIgniter.php(824): App\Controllers\Office->deliberation()
#7 C:\xampp\htdocs\students\espunilu\system\CodeIgniter.php(410): CodeIgniter\CodeIgniter->runController(Object(App\Controllers\Office))
#8 C:\xampp\htdocs\students\espunilu\system\CodeIgniter.php(318): CodeIgniter\CodeIgniter->handleRequest(NULL, Object(Config\Cache), false)
#9 C:\xampp\htdocs\students\espunilu\index.php(37): CodeIgniter\CodeIgniter->run()
#10 {main}
CRITICAL - 2022-10-17 21:43:45 --> Undefined array key "matiere_ponderation"
#0 C:\xampp\htdocs\students\espunilu\app\Views\app\rapports\cursus\deliberation.php(187): CodeIgniter\Debug\Exceptions->errorHandler(2, 'Undefined array...', 'C:\\xampp\\htdocs...', 187)
#1 C:\xampp\htdocs\students\espunilu\system\View\View.php(214): include('C:\\xampp\\htdocs...')
#2 C:\xampp\htdocs\students\espunilu\system\View\View.php(217): CodeIgniter\View\View->CodeIgniter\View\{closure}()
#3 C:\xampp\htdocs\students\espunilu\system\Common.php(1097): CodeIgniter\View\View->render('app/rapports/cu...', Array, true)
#4 C:\xampp\htdocs\students\espunilu\app\Views\layouts\app.php(534): view('app/rapports/cu...')
#5 C:\xampp\htdocs\students\espunilu\system\View\View.php(214): include('C:\\xampp\\htdocs...')
#6 C:\xampp\htdocs\students\espunilu\system\View\View.php(217): CodeIgniter\View\View->CodeIgniter\View\{closure}()
#7 C:\xampp\htdocs\students\espunilu\system\Common.php(1097): CodeIgniter\View\View->render('layouts/app', Array, true)
#8 C:\xampp\htdocs\students\espunilu\app\Controllers\Office.php(95): view('layouts/app', Array)
#9 C:\xampp\htdocs\students\espunilu\system\CodeIgniter.php(824): App\Controllers\Office->deliberation()
#10 C:\xampp\htdocs\students\espunilu\system\CodeIgniter.php(410): CodeIgniter\CodeIgniter->runController(Object(App\Controllers\Office))
#11 C:\xampp\htdocs\students\espunilu\system\CodeIgniter.php(318): CodeIgniter\CodeIgniter->handleRequest(NULL, Object(Config\Cache), false)
#12 C:\xampp\htdocs\students\espunilu\index.php(37): CodeIgniter\CodeIgniter->run()
#13 {main}
ERROR - 2022-10-17 22:56:31 --> Error connecting to the database: Aucune connexion n’a pu être établie car l’ordinateur cible l’a expressément refusée
CRITICAL - 2022-10-17 22:56:31 --> Unable to connect to the database.
Main connection [MySQLi]: Aucune connexion n’a pu être établie car l’ordinateur cible l’a expressément refusée
#0 C:\xampp\htdocs\students\espunilu\system\Database\BaseConnection.php(577): CodeIgniter\Database\BaseConnection->initialize()
#1 C:\xampp\htdocs\students\espunilu\system\Database\BaseBuilder.php(1443): CodeIgniter\Database\BaseConnection->query('SELECT *\nFROM `...', Array, false)
#2 C:\xampp\htdocs\students\espunilu\app\Models\AppModel.php(170): CodeIgniter\Database\BaseBuilder->get()
#3 C:\xampp\htdocs\students\espunilu\app\Controllers\Office.php(64): App\Models\AppModel->fetch_all_data('ts_branches', Array)
#4 C:\xampp\htdocs\students\espunilu\system\CodeIgniter.php(824): App\Controllers\Office->deliberation()
#5 C:\xampp\htdocs\students\espunilu\system\CodeIgniter.php(410): CodeIgniter\CodeIgniter->runController(Object(App\Controllers\Office))
#6 C:\xampp\htdocs\students\espunilu\system\CodeIgniter.php(318): CodeIgniter\CodeIgniter->handleRequest(NULL, Object(Config\Cache), false)
#7 C:\xampp\htdocs\students\espunilu\index.php(37): CodeIgniter\CodeIgniter->run()
#8 {main}
CRITICAL - 2022-10-17 22:59:32 --> Undefined variable $totaux_generaux_credit
#0 C:\xampp\htdocs\students\espunilu\app\Views\app\rapports\cursus\deliberation.php(156): CodeIgniter\Debug\Exceptions->errorHandler(2, 'Undefined varia...', 'C:\\xampp\\htdocs...', 156)
#1 C:\xampp\htdocs\students\espunilu\system\View\View.php(214): include('C:\\xampp\\htdocs...')
#2 C:\xampp\htdocs\students\espunilu\system\View\View.php(217): CodeIgniter\View\View->CodeIgniter\View\{closure}()
#3 C:\xampp\htdocs\students\espunilu\system\Common.php(1097): CodeIgniter\View\View->render('app/rapports/cu...', Array, true)
#4 C:\xampp\htdocs\students\espunilu\app\Views\layouts\app.php(534): view('app/rapports/cu...')
#5 C:\xampp\htdocs\students\espunilu\system\View\View.php(214): include('C:\\xampp\\htdocs...')
#6 C:\xampp\htdocs\students\espunilu\system\View\View.php(217): CodeIgniter\View\View->CodeIgniter\View\{closure}()
#7 C:\xampp\htdocs\students\espunilu\system\Common.php(1097): CodeIgniter\View\View->render('layouts/app', Array, true)
#8 C:\xampp\htdocs\students\espunilu\app\Controllers\Office.php(96): view('layouts/app', Array)
#9 C:\xampp\htdocs\students\espunilu\system\CodeIgniter.php(824): App\Controllers\Office->deliberation()
#10 C:\xampp\htdocs\students\espunilu\system\CodeIgniter.php(410): CodeIgniter\CodeIgniter->runController(Object(App\Controllers\Office))
#11 C:\xampp\htdocs\students\espunilu\system\CodeIgniter.php(318): CodeIgniter\CodeIgniter->handleRequest(NULL, Object(Config\Cache), false)
#12 C:\xampp\htdocs\students\espunilu\index.php(37): CodeIgniter\CodeIgniter->run()
#13 {main}
CRITICAL - 2022-10-17 23:01:34 --> Undefined variable $totaux_generaux_volume
#0 C:\xampp\htdocs\students\espunilu\app\Views\app\rapports\cursus\deliberation.php(150): CodeIgniter\Debug\Exceptions->errorHandler(2, 'Undefined varia...', 'C:\\xampp\\htdocs...', 150)
#1 C:\xampp\htdocs\students\espunilu\system\View\View.php(214): include('C:\\xampp\\htdocs...')
#2 C:\xampp\htdocs\students\espunilu\system\View\View.php(217): CodeIgniter\View\View->CodeIgniter\View\{closure}()
#3 C:\xampp\htdocs\students\espunilu\system\Common.php(1097): CodeIgniter\View\View->render('app/rapports/cu...', Array, true)
#4 C:\xampp\htdocs\students\espunilu\app\Views\layouts\app.php(534): view('app/rapports/cu...')
#5 C:\xampp\htdocs\students\espunilu\system\View\View.php(214): include('C:\\xampp\\htdocs...')
#6 C:\xampp\htdocs\students\espunilu\system\View\View.php(217): CodeIgniter\View\View->CodeIgniter\View\{closure}()
#7 C:\xampp\htdocs\students\espunilu\system\Common.php(1097): CodeIgniter\View\View->render('layouts/app', Array, true)
#8 C:\xampp\htdocs\students\espunilu\app\Controllers\Office.php(96): view('layouts/app', Array)
#9 C:\xampp\htdocs\students\espunilu\system\CodeIgniter.php(824): App\Controllers\Office->deliberation()
#10 C:\xampp\htdocs\students\espunilu\system\CodeIgniter.php(410): CodeIgniter\CodeIgniter->runController(Object(App\Controllers\Office))
#11 C:\xampp\htdocs\students\espunilu\system\CodeIgniter.php(318): CodeIgniter\CodeIgniter->handleRequest(NULL, Object(Config\Cache), false)
#12 C:\xampp\htdocs\students\espunilu\index.php(37): CodeIgniter\CodeIgniter->run()
#13 {main}
CRITICAL - 2022-10-17 23:11:53 --> Undefined variable $totaux_ponderation
#0 C:\xampp\htdocs\students\espunilu\app\Views\app\rapports\cursus\deliberation.php(143): CodeIgniter\Debug\Exceptions->errorHandler(2, 'Undefined varia...', 'C:\\xampp\\htdocs...', 143)
#1 C:\xampp\htdocs\students\espunilu\system\View\View.php(214): include('C:\\xampp\\htdocs...')
#2 C:\xampp\htdocs\students\espunilu\system\View\View.php(217): CodeIgniter\View\View->CodeIgniter\View\{closure}()
#3 C:\xampp\htdocs\students\espunilu\system\Common.php(1097): CodeIgniter\View\View->render('app/rapports/cu...', Array, true)
#4 C:\xampp\htdocs\students\espunilu\app\Views\layouts\app.php(534): view('app/rapports/cu...')
#5 C:\xampp\htdocs\students\espunilu\system\View\View.php(214): include('C:\\xampp\\htdocs...')
#6 C:\xampp\htdocs\students\espunilu\system\View\View.php(217): CodeIgniter\View\View->CodeIgniter\View\{closure}()
#7 C:\xampp\htdocs\students\espunilu\system\Common.php(1097): CodeIgniter\View\View->render('layouts/app', Array, true)
#8 C:\xampp\htdocs\students\espunilu\app\Controllers\Office.php(96): view('layouts/app', Array)
#9 C:\xampp\htdocs\students\espunilu\system\CodeIgniter.php(824): App\Controllers\Office->deliberation()
#10 C:\xampp\htdocs\students\espunilu\system\CodeIgniter.php(410): CodeIgniter\CodeIgniter->runController(Object(App\Controllers\Office))
#11 C:\xampp\htdocs\students\espunilu\system\CodeIgniter.php(318): CodeIgniter\CodeIgniter->handleRequest(NULL, Object(Config\Cache), false)
#12 C:\xampp\htdocs\students\espunilu\index.php(37): CodeIgniter\CodeIgniter->run()
#13 {main}
CRITICAL - 2022-10-17 23:12:41 --> Undefined variable $totaux_ponderation
#0 C:\xampp\htdocs\students\espunilu\app\Views\app\rapports\cursus\deliberation.php(143): CodeIgniter\Debug\Exceptions->errorHandler(2, 'Undefined varia...', 'C:\\xampp\\htdocs...', 143)
#1 C:\xampp\htdocs\students\espunilu\system\View\View.php(214): include('C:\\xampp\\htdocs...')
#2 C:\xampp\htdocs\students\espunilu\system\View\View.php(217): CodeIgniter\View\View->CodeIgniter\View\{closure}()
#3 C:\xampp\htdocs\students\espunilu\system\Common.php(1097): CodeIgniter\View\View->render('app/rapports/cu...', Array, true)
#4 C:\xampp\htdocs\students\espunilu\app\Views\layouts\app.php(534): view('app/rapports/cu...')
#5 C:\xampp\htdocs\students\espunilu\system\View\View.php(214): include('C:\\xampp\\htdocs...')
#6 C:\xampp\htdocs\students\espunilu\system\View\View.php(217): CodeIgniter\View\View->CodeIgniter\View\{closure}()
#7 C:\xampp\htdocs\students\espunilu\system\Common.php(1097): CodeIgniter\View\View->render('layouts/app', Array, true)
#8 C:\xampp\htdocs\students\espunilu\app\Controllers\Office.php(96): view('layouts/app', Array)
#9 C:\xampp\htdocs\students\espunilu\system\CodeIgniter.php(824): App\Controllers\Office->deliberation()
#10 C:\xampp\htdocs\students\espunilu\system\CodeIgniter.php(410): CodeIgniter\CodeIgniter->runController(Object(App\Controllers\Office))
#11 C:\xampp\htdocs\students\espunilu\system\CodeIgniter.php(318): CodeIgniter\CodeIgniter->handleRequest(NULL, Object(Config\Cache), false)
#12 C:\xampp\htdocs\students\espunilu\index.php(37): CodeIgniter\CodeIgniter->run()
#13 {main}
CRITICAL - 2022-10-17 23:41:34 --> Undefined variable $pourcentage
#0 C:\xampp\htdocs\students\espunilu\app\Views\app\rapports\cursus\deliberation.php(223): CodeIgniter\Debug\Exceptions->errorHandler(2, 'Undefined varia...', 'C:\\xampp\\htdocs...', 223)
#1 C:\xampp\htdocs\students\espunilu\system\View\View.php(214): include('C:\\xampp\\htdocs...')
#2 C:\xampp\htdocs\students\espunilu\system\View\View.php(217): CodeIgniter\View\View->CodeIgniter\View\{closure}()
#3 C:\xampp\htdocs\students\espunilu\system\Common.php(1097): CodeIgniter\View\View->render('app/rapports/cu...', Array, true)
#4 C:\xampp\htdocs\students\espunilu\app\Views\layouts\app.php(534): view('app/rapports/cu...')
#5 C:\xampp\htdocs\students\espunilu\system\View\View.php(214): include('C:\\xampp\\htdocs...')
#6 C:\xampp\htdocs\students\espunilu\system\View\View.php(217): CodeIgniter\View\View->CodeIgniter\View\{closure}()
#7 C:\xampp\htdocs\students\espunilu\system\Common.php(1097): CodeIgniter\View\View->render('layouts/app', Array, true)
#8 C:\xampp\htdocs\students\espunilu\app\Controllers\Office.php(96): view('layouts/app', Array)
#9 C:\xampp\htdocs\students\espunilu\system\CodeIgniter.php(824): App\Controllers\Office->deliberation()
#10 C:\xampp\htdocs\students\espunilu\system\CodeIgniter.php(410): CodeIgniter\CodeIgniter->runController(Object(App\Controllers\Office))
#11 C:\xampp\htdocs\students\espunilu\system\CodeIgniter.php(318): CodeIgniter\CodeIgniter->handleRequest(NULL, Object(Config\Cache), false)
#12 C:\xampp\htdocs\students\espunilu\index.php(37): CodeIgniter\CodeIgniter->run()
#13 {main}
